{"/home/travis/build/npmtest/node-npmtest-ssb-patchwork/test.js":{"path":"/home/travis/build/npmtest/node-npmtest-ssb-patchwork/test.js","s":{"1":2,"2":2,"3":2,"4":2,"5":2,"6":2,"7":2,"8":1,"9":2,"10":2,"11":1,"12":1,"13":1,"14":1,"15":2,"16":2,"17":2,"18":2,"19":1,"20":1,"21":2,"22":2,"23":2,"24":1,"25":1,"26":1,"27":1,"28":1,"29":1,"30":1,"31":1,"32":1,"33":1,"34":1,"35":1,"36":1,"37":1,"38":1,"39":2,"40":2,"41":1,"42":2,"43":2,"44":1,"45":2,"46":2,"47":1,"48":2,"49":2,"50":1,"51":1,"52":1,"53":1,"54":1},"b":{"1":[2,1,1,1],"2":[1,1,1,1],"3":[1,1],"4":[1,1],"5":[1,1],"6":[1,1],"7":[1,1],"8":[1,1],"9":[1,1],"10":[1,1,1],"11":[1,1],"12":[1,1],"13":[1,1],"14":[1,1],"15":[1,1],"16":[1,1],"17":[1,1]},"f":{"1":2,"2":2,"3":2,"4":2,"5":2,"6":1,"7":1,"8":1,"9":2,"10":2,"11":2,"12":2,"13":1},"fnMap":{"1":{"name":"(anonymous_1)","line":12,"loc":{"start":{"line":12,"column":1},"end":{"line":12,"column":13}}},"2":{"name":"(anonymous_2)","line":19,"loc":{"start":{"line":19,"column":5},"end":{"line":19,"column":17}}},"3":{"name":"(anonymous_3)","line":23,"loc":{"start":{"line":23,"column":24},"end":{"line":23,"column":36}}},"4":{"name":"(anonymous_4)","line":61,"loc":{"start":{"line":61,"column":5},"end":{"line":61,"column":17}}},"5":{"name":"(anonymous_5)","line":82,"loc":{"start":{"line":82,"column":5},"end":{"line":82,"column":17}}},"6":{"name":"(anonymous_6)","line":91,"loc":{"start":{"line":91,"column":77},"end":{"line":94,"column":10}}},"7":{"name":"(anonymous_7)","line":112,"loc":{"start":{"line":112,"column":83},"end":{"line":115,"column":10}},"skip":true},"8":{"name":"(anonymous_8)","line":123,"loc":{"start":{"line":123,"column":77},"end":{"line":126,"column":10}},"skip":true},"9":{"name":"(anonymous_9)","line":139,"loc":{"start":{"line":139,"column":12},"end":{"line":139,"column":40}},"skip":true},"10":{"name":"(anonymous_10)","line":147,"loc":{"start":{"line":147,"column":77},"end":{"line":150,"column":10}},"skip":true},"11":{"name":"(anonymous_11)","line":158,"loc":{"start":{"line":158,"column":83},"end":{"line":161,"column":10}},"skip":true},"12":{"name":"(anonymous_12)","line":169,"loc":{"start":{"line":169,"column":79},"end":{"line":172,"column":10}},"skip":true},"13":{"name":"(anonymous_13)","line":180,"loc":{"start":{"line":180,"column":75},"end":{"line":183,"column":10}},"skip":true}},"statementMap":{"1":{"start":{"line":12,"column":0},"end":{"line":195,"column":5}},"2":{"start":{"line":14,"column":4},"end":{"line":14,"column":14}},"3":{"start":{"line":19,"column":4},"end":{"line":56,"column":9}},"4":{"start":{"line":21,"column":8},"end":{"line":21,"column":19}},"5":{"start":{"line":23,"column":8},"end":{"line":35,"column":13}},"6":{"start":{"line":24,"column":12},"end":{"line":34,"column":13}},"7":{"start":{"line":25,"column":16},"end":{"line":28,"column":30}},"8":{"start":{"line":30,"column":16},"end":{"line":33,"column":27}},"9":{"start":{"line":37,"column":8},"end":{"line":39,"column":21}},"10":{"start":{"line":40,"column":8},"end":{"line":53,"column":9}},"11":{"start":{"line":43,"column":12},"end":{"line":46,"column":14}},"12":{"start":{"line":47,"column":12},"end":{"line":47,"column":18}},"13":{"start":{"line":50,"column":12},"end":{"line":51,"column":33}},"14":{"start":{"line":52,"column":12},"end":{"line":52,"column":18}},"15":{"start":{"line":55,"column":8},"end":{"line":55,"column":35}},"16":{"start":{"line":61,"column":4},"end":{"line":63,"column":9}},"17":{"start":{"line":62,"column":8},"end":{"line":62,"column":15}},"18":{"start":{"line":64,"column":4},"end":{"line":77,"column":5}},"19":{"start":{"line":70,"column":8},"end":{"line":70,"column":14}},"20":{"start":{"line":76,"column":8},"end":{"line":76,"column":14}},"21":{"start":{"line":82,"column":4},"end":{"line":84,"column":9}},"22":{"start":{"line":83,"column":8},"end":{"line":83,"column":15}},"23":{"start":{"line":85,"column":4},"end":{"line":194,"column":5}},"24":{"start":{"line":91,"column":8},"end":{"line":99,"column":10}},"25":{"start":{"line":98,"column":12},"end":{"line":98,"column":35}},"26":{"start":{"line":102,"column":8},"end":{"line":104,"column":63}},"27":{"start":{"line":105,"column":8},"end":{"line":105,"column":14}},"28":{"start":{"line":112,"column":8},"end":{"line":121,"column":10},"skip":true},"29":{"start":{"line":119,"column":12},"end":{"line":119,"column":55},"skip":true},"30":{"start":{"line":120,"column":12},"end":{"line":120,"column":48},"skip":true},"31":{"start":{"line":123,"column":8},"end":{"line":136,"column":10},"skip":true},"32":{"start":{"line":130,"column":12},"end":{"line":130,"column":76},"skip":true},"33":{"start":{"line":131,"column":12},"end":{"line":131,"column":73},"skip":true},"34":{"start":{"line":132,"column":12},"end":{"line":132,"column":74},"skip":true},"35":{"start":{"line":133,"column":12},"end":{"line":133,"column":79},"skip":true},"36":{"start":{"line":134,"column":12},"end":{"line":134,"column":25},"skip":true},"37":{"start":{"line":135,"column":12},"end":{"line":135,"column":45},"skip":true},"38":{"start":{"line":138,"column":8},"end":{"line":145,"column":14},"skip":true},"39":{"start":{"line":143,"column":16},"end":{"line":143,"column":29},"skip":true},"40":{"start":{"line":144,"column":16},"end":{"line":144,"column":55},"skip":true},"41":{"start":{"line":147,"column":8},"end":{"line":156,"column":10},"skip":true},"42":{"start":{"line":154,"column":12},"end":{"line":154,"column":25},"skip":true},"43":{"start":{"line":155,"column":12},"end":{"line":155,"column":45},"skip":true},"44":{"start":{"line":158,"column":8},"end":{"line":167,"column":10},"skip":true},"45":{"start":{"line":165,"column":12},"end":{"line":165,"column":25},"skip":true},"46":{"start":{"line":166,"column":12},"end":{"line":166,"column":48},"skip":true},"47":{"start":{"line":169,"column":8},"end":{"line":178,"column":10},"skip":true},"48":{"start":{"line":176,"column":12},"end":{"line":176,"column":25},"skip":true},"49":{"start":{"line":177,"column":12},"end":{"line":177,"column":46},"skip":true},"50":{"start":{"line":180,"column":8},"end":{"line":189,"column":10},"skip":true},"51":{"start":{"line":187,"column":12},"end":{"line":187,"column":94},"skip":true},"52":{"start":{"line":188,"column":12},"end":{"line":188,"column":48},"skip":true},"53":{"start":{"line":192,"column":8},"end":{"line":192,"column":35},"skip":true},"54":{"start":{"line":193,"column":8},"end":{"line":193,"column":14},"skip":true}},"branchMap":{"1":{"line":25,"type":"binary-expr","locations":[{"start":{"line":25,"column":23},"end":{"line":25,"column":62}},{"start":{"line":26,"column":20},"end":{"line":26,"column":70}},{"start":{"line":27,"column":20},"end":{"line":27,"column":71}},{"start":{"line":28,"column":20},"end":{"line":28,"column":29}}]},"2":{"line":30,"type":"binary-expr","locations":[{"start":{"line":30,"column":23},"end":{"line":30,"column":37}},{"start":{"line":31,"column":20},"end":{"line":31,"column":61}},{"start":{"line":32,"column":20},"end":{"line":32,"column":70}},{"start":{"line":33,"column":20},"end":{"line":33,"column":26}}]},"3":{"line":37,"type":"cond-expr","locations":[{"start":{"line":38,"column":14},"end":{"line":38,"column":20}},{"start":{"line":39,"column":14},"end":{"line":39,"column":20}}]},"4":{"line":40,"type":"switch","locations":[{"start":{"line":42,"column":8},"end":{"line":47,"column":18}},{"start":{"line":49,"column":8},"end":{"line":52,"column":18}}]},"5":{"line":44,"type":"binary-expr","locations":[{"start":{"line":44,"column":16},"end":{"line":44,"column":44}},{"start":{"line":44,"column":48},"end":{"line":44,"column":66}}]},"6":{"line":50,"type":"binary-expr","locations":[{"start":{"line":50,"column":21},"end":{"line":50,"column":49}},{"start":{"line":50,"column":53},"end":{"line":50,"column":72}}]},"7":{"line":64,"type":"switch","locations":[{"start":{"line":69,"column":4},"end":{"line":70,"column":14}},{"start":{"line":75,"column":4},"end":{"line":76,"column":14}}]},"8":{"line":85,"type":"switch","locations":[{"start":{"line":90,"column":4},"end":{"line":105,"column":14}},{"start":{"line":111,"column":4},"end":{"line":193,"column":14},"skip":true}]},"9":{"line":91,"type":"binary-expr","locations":[{"start":{"line":91,"column":42},"end":{"line":91,"column":73}},{"start":{"line":91,"column":77},"end":{"line":99,"column":9}}]},"10":{"line":102,"type":"binary-expr","locations":[{"start":{"line":102,"column":18},"end":{"line":102,"column":32}},{"start":{"line":103,"column":12},"end":{"line":103,"column":53}},{"start":{"line":104,"column":12},"end":{"line":104,"column":61}}]},"11":{"line":112,"type":"binary-expr","locations":[{"start":{"line":112,"column":45},"end":{"line":112,"column":79},"skip":true},{"start":{"line":112,"column":83},"end":{"line":121,"column":9},"skip":true}]},"12":{"line":123,"type":"binary-expr","locations":[{"start":{"line":123,"column":42},"end":{"line":123,"column":73},"skip":true},{"start":{"line":123,"column":77},"end":{"line":136,"column":9},"skip":true}]},"13":{"line":138,"type":"binary-expr","locations":[{"start":{"line":138,"column":48},"end":{"line":138,"column":85},"skip":true},{"start":{"line":139,"column":12},"end":{"line":145,"column":13},"skip":true}]},"14":{"line":147,"type":"binary-expr","locations":[{"start":{"line":147,"column":42},"end":{"line":147,"column":73},"skip":true},{"start":{"line":147,"column":77},"end":{"line":156,"column":9},"skip":true}]},"15":{"line":158,"type":"binary-expr","locations":[{"start":{"line":158,"column":45},"end":{"line":158,"column":79},"skip":true},{"start":{"line":158,"column":83},"end":{"line":167,"column":9},"skip":true}]},"16":{"line":169,"type":"binary-expr","locations":[{"start":{"line":169,"column":43},"end":{"line":169,"column":75},"skip":true},{"start":{"line":169,"column":79},"end":{"line":178,"column":9},"skip":true}]},"17":{"line":180,"type":"binary-expr","locations":[{"start":{"line":180,"column":41},"end":{"line":180,"column":71},"skip":true},{"start":{"line":180,"column":75},"end":{"line":189,"column":9},"skip":true}]}},"code":["/* istanbul instrument in package npmtest_ssb_patchwork */","/*jslint","    bitwise: true,","    browser: true,","    maxerr: 8,","    maxlen: 96,","    node: true,","    nomen: true,","    regexp: true,","    stupid: true","*/","(function () {","    'use strict';","    var local;","","","","    // run shared js-env code - init-before","    (function () {","        // init local","        local = {};","        // init modeJs","        local.modeJs = (function () {","            try {","                return typeof navigator.userAgent === 'string' &&","                    typeof document.querySelector('body') === 'object' &&","                    typeof XMLHttpRequest.prototype.open === 'function' &&","                    'browser';","            } catch (errorCaughtBrowser) {","                return module.exports &&","                    typeof process.versions.node === 'string' &&","                    typeof require('http').createServer === 'function' &&","                    'node';","            }","        }());","        // init global","        local.global = local.modeJs === 'browser'","            ? window","            : global;","        switch (local.modeJs) {","        // re-init local from window.local","        case 'browser':","            local = local.global.utility2.objectSetDefault(","                local.global.utility2_rollup || local.global.local,","                local.global.utility2","            );","            break;","        // re-init local from example.js","        case 'node':","            local = (local.global.utility2_rollup || require('utility2'))","                .requireReadme();","            break;","        }","        // export local","        local.global.local = local;","    }());","","","","    // run shared js-env code - function","    (function () {","        return;","    }());","    switch (local.modeJs) {","","","","    // run browser js-env code - function","    case 'browser':","        break;","","","","    // run node js-env code - function","    case 'node':","        break;","    }","","","","    // run shared js-env code - init-after","    (function () {","        return;","    }());","    switch (local.modeJs) {","","","","    // run browser js-env code - init-after","    case 'browser':","        local.testCase_browser_nullCase = local.testCase_browser_nullCase || function (","            options,","            onError","        ) {","        /*","         * this function will test browsers's null-case handling-behavior-behavior","         */","            onError(null, options);","        };","","        // run tests","        local.nop(local.modeTest &&","            document.querySelector('#testRunButton1') &&","            document.querySelector('#testRunButton1').click());","        break;","","","","    // run node js-env code - init-after","    /* istanbul ignore next */","    case 'node':","        local.testCase_buildApidoc_default = local.testCase_buildApidoc_default || function (","            options,","            onError","        ) {","        /*","         * this function will test buildApidoc's default handling-behavior-behavior","         */","            options = { modulePathList: module.paths };","            local.buildApidoc(options, onError);","        };","","        local.testCase_buildApp_default = local.testCase_buildApp_default || function (","            options,","            onError","        ) {","        /*","         * this function will test buildApp's default handling-behavior-behavior","         */","            local.testCase_buildReadme_default(options, local.onErrorThrow);","            local.testCase_buildLib_default(options, local.onErrorThrow);","            local.testCase_buildTest_default(options, local.onErrorThrow);","            local.testCase_buildCustomOrg_default(options, local.onErrorThrow);","            options = [];","            local.buildApp(options, onError);","        };","","        local.testCase_buildCustomOrg_default = local.testCase_buildCustomOrg_default ||","            function (options, onError) {","            /*","             * this function will test buildCustomOrg's default handling-behavior","             */","                options = {};","                local.buildCustomOrg(options, onError);","            };","","        local.testCase_buildLib_default = local.testCase_buildLib_default || function (","            options,","            onError","        ) {","        /*","         * this function will test buildLib's default handling-behavior","         */","            options = {};","            local.buildLib(options, onError);","        };","","        local.testCase_buildReadme_default = local.testCase_buildReadme_default || function (","            options,","            onError","        ) {","        /*","         * this function will test buildReadme's default handling-behavior-behavior","         */","            options = {};","            local.buildReadme(options, onError);","        };","","        local.testCase_buildTest_default = local.testCase_buildTest_default || function (","            options,","            onError","        ) {","        /*","         * this function will test buildTest's default handling-behavior","         */","            options = {};","            local.buildTest(options, onError);","        };","","        local.testCase_webpage_default = local.testCase_webpage_default || function (","            options,","            onError","        ) {","        /*","         * this function will test webpage's default handling-behavior","         */","            options = { modeCoverageMerge: true, url: local.serverLocalHost + '?modeTest=1' };","            local.browserTest(options, onError);","        };","","        // run test-server","        local.testRunServer(local);","        break;","    }","}());",""],"l":{"12":2,"14":2,"19":2,"21":2,"23":2,"24":2,"25":2,"30":1,"37":2,"40":2,"43":1,"47":1,"50":1,"52":1,"55":2,"61":2,"62":2,"64":2,"70":1,"76":1,"82":2,"83":2,"85":2,"91":1,"98":1,"102":1,"105":1,"112":1,"119":1,"120":1,"123":1,"130":1,"131":1,"132":1,"133":1,"134":1,"135":1,"138":1,"143":2,"144":2,"147":1,"154":2,"155":2,"158":1,"165":2,"166":2,"169":1,"176":2,"177":2,"180":1,"187":1,"188":1,"192":1,"193":1}},"/home/travis/build/npmtest/node-npmtest-ssb-patchwork/lib.npmtest_ssb_patchwork.js":{"path":"/home/travis/build/npmtest/node-npmtest-ssb-patchwork/lib.npmtest_ssb_patchwork.js","s":{"1":2,"2":2,"3":2,"4":2,"5":2,"6":2,"7":2,"8":1,"9":2,"10":2,"11":2,"12":2,"13":1,"14":1,"15":1,"16":1},"b":{"1":[2,1,1,1],"2":[1,1,1,1],"3":[1,1],"4":[2,2],"5":[1,1]},"f":{"1":2,"2":2,"3":2},"fnMap":{"1":{"name":"(anonymous_1)","line":12,"loc":{"start":{"line":12,"column":1},"end":{"line":12,"column":13}}},"2":{"name":"(anonymous_2)","line":19,"loc":{"start":{"line":19,"column":5},"end":{"line":19,"column":17}}},"3":{"name":"(anonymous_3)","line":23,"loc":{"start":{"line":23,"column":24},"end":{"line":23,"column":36}}}},"statementMap":{"1":{"start":{"line":12,"column":0},"end":{"line":53,"column":5}},"2":{"start":{"line":14,"column":4},"end":{"line":14,"column":14}},"3":{"start":{"line":19,"column":4},"end":{"line":52,"column":9}},"4":{"start":{"line":21,"column":8},"end":{"line":21,"column":19}},"5":{"start":{"line":23,"column":8},"end":{"line":35,"column":13}},"6":{"start":{"line":24,"column":12},"end":{"line":34,"column":13}},"7":{"start":{"line":25,"column":16},"end":{"line":28,"column":30}},"8":{"start":{"line":30,"column":16},"end":{"line":33,"column":27}},"9":{"start":{"line":37,"column":8},"end":{"line":39,"column":21}},"10":{"start":{"line":41,"column":8},"end":{"line":41,"column":54}},"11":{"start":{"line":43,"column":8},"end":{"line":43,"column":58}},"12":{"start":{"line":45,"column":8},"end":{"line":51,"column":9}},"13":{"start":{"line":46,"column":12},"end":{"line":46,"column":64}},"14":{"start":{"line":48,"column":12},"end":{"line":48,"column":35}},"15":{"start":{"line":49,"column":12},"end":{"line":49,"column":49}},"16":{"start":{"line":50,"column":12},"end":{"line":50,"column":43}}},"branchMap":{"1":{"line":25,"type":"binary-expr","locations":[{"start":{"line":25,"column":23},"end":{"line":25,"column":62}},{"start":{"line":26,"column":20},"end":{"line":26,"column":70}},{"start":{"line":27,"column":20},"end":{"line":27,"column":71}},{"start":{"line":28,"column":20},"end":{"line":28,"column":29}}]},"2":{"line":30,"type":"binary-expr","locations":[{"start":{"line":30,"column":23},"end":{"line":30,"column":37}},{"start":{"line":31,"column":20},"end":{"line":31,"column":61}},{"start":{"line":32,"column":20},"end":{"line":32,"column":70}},{"start":{"line":33,"column":20},"end":{"line":33,"column":26}}]},"3":{"line":37,"type":"cond-expr","locations":[{"start":{"line":38,"column":14},"end":{"line":38,"column":20}},{"start":{"line":39,"column":14},"end":{"line":39,"column":20}}]},"4":{"line":41,"type":"binary-expr","locations":[{"start":{"line":41,"column":16},"end":{"line":41,"column":44}},{"start":{"line":41,"column":48},"end":{"line":41,"column":53}}]},"5":{"line":45,"type":"if","locations":[{"start":{"line":45,"column":8},"end":{"line":45,"column":8}},{"start":{"line":45,"column":8},"end":{"line":45,"column":8}}]}},"code":["/* istanbul instrument in package npmtest_ssb_patchwork */","/*jslint","    bitwise: true,","    browser: true,","    maxerr: 8,","    maxlen: 96,","    node: true,","    nomen: true,","    regexp: true,","    stupid: true","*/","(function () {","    'use strict';","    var local;","","","","    // run shared js-env code - init-before","    (function () {","        // init local","        local = {};","        // init modeJs","        local.modeJs = (function () {","            try {","                return typeof navigator.userAgent === 'string' &&","                    typeof document.querySelector('body') === 'object' &&","                    typeof XMLHttpRequest.prototype.open === 'function' &&","                    'browser';","            } catch (errorCaughtBrowser) {","                return module.exports &&","                    typeof process.versions.node === 'string' &&","                    typeof require('http').createServer === 'function' &&","                    'node';","            }","        }());","        // init global","        local.global = local.modeJs === 'browser'","            ? window","            : global;","        // init utility2_rollup","        local = local.global.utility2_rollup || local;","        // init lib","        local.local = local.npmtest_ssb_patchwork = local;","        // init exports","        if (local.modeJs === 'browser') {","            local.global.utility2_npmtest_ssb_patchwork = local;","        } else {","            module.exports = local;","            module.exports.__dirname = __dirname;","            module.exports.module = module;","        }","    }());","}());",""],"l":{"12":2,"14":2,"19":2,"21":2,"23":2,"24":2,"25":2,"30":1,"37":2,"41":2,"43":2,"45":2,"46":1,"48":1,"49":1,"50":1}},"/home/travis/build/npmtest/node-npmtest-ssb-patchwork/example.js":{"path":"/home/travis/build/npmtest/node-npmtest-ssb-patchwork/example.js","s":{"1":2,"2":2,"3":2,"4":2,"5":2,"6":2,"7":2,"8":1,"9":2,"10":2,"11":2,"12":2,"13":1,"14":2,"15":2,"16":2,"17":2,"18":2,"19":0,"20":2,"21":1,"22":1,"23":1,"24":1,"25":1,"26":0,"27":0,"28":1,"29":1,"30":2,"31":0,"32":0,"33":0,"34":1,"35":2,"36":2,"37":3,"38":3,"39":3,"40":3,"41":0,"42":3,"43":3,"44":3,"45":1,"46":3,"47":1,"48":1,"49":1,"50":1,"51":1,"52":1,"53":1,"54":1,"55":1,"56":1,"57":0,"58":1,"59":6,"60":6,"61":1,"62":2,"63":0,"64":2,"65":1,"66":1,"67":0,"68":0,"69":0,"70":0,"71":0,"72":0,"73":0,"74":0,"75":0,"76":0,"77":0,"78":0,"79":0,"80":0,"81":0,"82":0,"83":0},"b":{"1":[2,1,1,1],"2":[1,1,1,1],"3":[1,1],"4":[2,2],"5":[1,1],"6":[1,1],"7":[2,0],"8":[2,1,1,1,1,1],"9":[0,2,0],"10":[1,1],"11":[2,1,1],"12":[1,0],"13":[0,2],"14":[2,0,0,0,0,0,0],"15":[0,3],"16":[3,0],"17":[1,1],"18":[0,1],"19":[1,2,0,2],"20":[1,0],"21":[1,1],"22":[0,0],"23":[0,0],"24":[0,0],"25":[0,0],"26":[0,0],"27":[0,0],"28":[0,0]},"f":{"1":2,"2":2,"3":2,"4":2,"5":2,"6":2,"7":3,"8":3,"9":3,"10":1,"11":6,"12":0},"fnMap":{"1":{"name":"(anonymous_1)","line":26,"loc":{"start":{"line":26,"column":1},"end":{"line":26,"column":13}}},"2":{"name":"(anonymous_2)","line":33,"loc":{"start":{"line":33,"column":5},"end":{"line":33,"column":17}}},"3":{"name":"(anonymous_3)","line":37,"loc":{"start":{"line":37,"column":24},"end":{"line":37,"column":36}}},"4":{"name":"(anonymous_4)","line":69,"loc":{"start":{"line":69,"column":31},"end":{"line":69,"column":48}},"skip":true},"5":{"name":"(anonymous_5)","line":78,"loc":{"start":{"line":78,"column":26},"end":{"line":78,"column":45}},"skip":true},"6":{"name":"(anonymous_6)","line":123,"loc":{"start":{"line":123,"column":33},"end":{"line":123,"column":48}},"skip":true},"7":{"name":"(anonymous_7)","line":125,"loc":{"start":{"line":125,"column":27},"end":{"line":125,"column":39}},"skip":true},"8":{"name":"(anonymous_8)","line":133,"loc":{"start":{"line":133,"column":59},"end":{"line":133,"column":74}},"skip":true},"9":{"name":"(anonymous_9)","line":143,"loc":{"start":{"line":143,"column":45},"end":{"line":143,"column":62}},"skip":true},"10":{"name":"(anonymous_10)","line":144,"loc":{"start":{"line":144,"column":73},"end":{"line":144,"column":92}},"skip":true},"11":{"name":"(anonymous_11)","line":272,"loc":{"start":{"line":272,"column":51},"end":{"line":272,"column":77}},"skip":true},"12":{"name":"(anonymous_12)","line":315,"loc":{"start":{"line":315,"column":32},"end":{"line":315,"column":61}},"skip":true}},"statementMap":{"1":{"start":{"line":26,"column":0},"end":{"line":326,"column":5}},"2":{"start":{"line":28,"column":4},"end":{"line":28,"column":14}},"3":{"start":{"line":33,"column":4},"end":{"line":60,"column":9}},"4":{"start":{"line":35,"column":8},"end":{"line":35,"column":19}},"5":{"start":{"line":37,"column":8},"end":{"line":49,"column":13}},"6":{"start":{"line":38,"column":12},"end":{"line":48,"column":13}},"7":{"start":{"line":39,"column":16},"end":{"line":42,"column":30}},"8":{"start":{"line":44,"column":16},"end":{"line":47,"column":27}},"9":{"start":{"line":51,"column":8},"end":{"line":53,"column":21}},"10":{"start":{"line":55,"column":8},"end":{"line":57,"column":45}},"11":{"start":{"line":59,"column":8},"end":{"line":59,"column":35}},"12":{"start":{"line":61,"column":4},"end":{"line":325,"column":5}},"13":{"start":{"line":69,"column":8},"end":{"line":121,"column":10},"skip":true},"14":{"start":{"line":70,"column":12},"end":{"line":88,"column":13},"skip":true},"15":{"start":{"line":76,"column":16},"end":{"line":87,"column":19},"skip":true},"16":{"start":{"line":79,"column":20},"end":{"line":86,"column":21},"skip":true},"17":{"start":{"line":82,"column":24},"end":{"line":82,"column":43},"skip":true},"18":{"start":{"line":83,"column":24},"end":{"line":83,"column":30},"skip":true},"19":{"start":{"line":85,"column":24},"end":{"line":85,"column":49},"skip":true},"20":{"start":{"line":89,"column":12},"end":{"line":107,"column":13},"skip":true},"21":{"start":{"line":92,"column":16},"end":{"line":102,"column":17},"skip":true},"22":{"start":{"line":93,"column":20},"end":{"line":93,"column":86},"skip":true},"23":{"start":{"line":94,"column":20},"end":{"line":95,"column":45},"skip":true},"24":{"start":{"line":96,"column":20},"end":{"line":96,"column":42},"skip":true},"25":{"start":{"line":97,"column":20},"end":{"line":97,"column":48},"skip":true},"26":{"start":{"line":100,"column":20},"end":{"line":100,"column":85},"skip":true},"27":{"start":{"line":101,"column":20},"end":{"line":101,"column":96},"skip":true},"28":{"start":{"line":103,"column":16},"end":{"line":103,"column":22},"skip":true},"29":{"start":{"line":106,"column":16},"end":{"line":106,"column":22},"skip":true},"30":{"start":{"line":108,"column":12},"end":{"line":120,"column":13},"skip":true},"31":{"start":{"line":114,"column":16},"end":{"line":119,"column":17},"skip":true},"32":{"start":{"line":116,"column":20},"end":{"line":116,"column":78},"skip":true},"33":{"start":{"line":118,"column":20},"end":{"line":118,"column":47},"skip":true},"34":{"start":{"line":123,"column":8},"end":{"line":141,"column":11},"skip":true},"35":{"start":{"line":124,"column":12},"end":{"line":124,"column":54},"skip":true},"36":{"start":{"line":125,"column":12},"end":{"line":140,"column":14},"skip":true},"37":{"start":{"line":126,"column":16},"end":{"line":126,"column":28},"skip":true},"38":{"start":{"line":127,"column":16},"end":{"line":127,"column":69},"skip":true},"39":{"start":{"line":128,"column":16},"end":{"line":128,"column":75},"skip":true},"40":{"start":{"line":129,"column":16},"end":{"line":131,"column":17},"skip":true},"41":{"start":{"line":130,"column":20},"end":{"line":130,"column":27},"skip":true},"42":{"start":{"line":133,"column":16},"end":{"line":137,"column":36},"skip":true},"43":{"start":{"line":134,"column":20},"end":{"line":136,"column":55},"skip":true},"44":{"start":{"line":139,"column":16},"end":{"line":139,"column":57},"skip":true},"45":{"start":{"line":143,"column":8},"end":{"line":147,"column":11},"skip":true},"46":{"start":{"line":144,"column":12},"end":{"line":146,"column":15},"skip":true},"47":{"start":{"line":145,"column":16},"end":{"line":145,"column":70},"skip":true},"48":{"start":{"line":149,"column":8},"end":{"line":149,"column":31},"skip":true},"49":{"start":{"line":150,"column":8},"end":{"line":150,"column":14},"skip":true},"50":{"start":{"line":158,"column":8},"end":{"line":158,"column":31},"skip":true},"51":{"start":{"line":160,"column":8},"end":{"line":160,"column":33},"skip":true},"52":{"start":{"line":161,"column":8},"end":{"line":161,"column":37},"skip":true},"53":{"start":{"line":162,"column":8},"end":{"line":162,"column":35},"skip":true},"54":{"start":{"line":164,"column":8},"end":{"line":164,"column":50},"skip":true},"55":{"start":{"line":166,"column":8},"end":{"line":256,"column":2},"skip":true},"56":{"start":{"line":258,"column":8},"end":{"line":286,"column":9},"skip":true},"57":{"start":{"line":259,"column":12},"end":{"line":269,"column":14},"skip":true},"58":{"start":{"line":271,"column":12},"end":{"line":285,"column":19},"skip":true},"59":{"start":{"line":274,"column":20},"end":{"line":274,"column":35},"skip":true},"60":{"start":{"line":275,"column":20},"end":{"line":284,"column":21},"skip":true},"61":{"start":{"line":277,"column":24},"end":{"line":277,"column":64},"skip":true},"62":{"start":{"line":279,"column":24},"end":{"line":279,"column":40},"skip":true},"63":{"start":{"line":281,"column":24},"end":{"line":281,"column":40},"skip":true},"64":{"start":{"line":283,"column":24},"end":{"line":283,"column":39},"skip":true},"65":{"start":{"line":288,"column":8},"end":{"line":290,"column":9},"skip":true},"66":{"start":{"line":289,"column":12},"end":{"line":289,"column":18},"skip":true},"67":{"start":{"line":291,"column":8},"end":{"line":293,"column":54},"skip":true},"68":{"start":{"line":296,"column":8},"end":{"line":301,"column":37},"skip":true},"69":{"start":{"line":303,"column":8},"end":{"line":303,"column":82},"skip":true},"70":{"start":{"line":306,"column":8},"end":{"line":308,"column":9},"skip":true},"71":{"start":{"line":307,"column":12},"end":{"line":307,"column":82},"skip":true},"72":{"start":{"line":310,"column":8},"end":{"line":312,"column":9},"skip":true},"73":{"start":{"line":311,"column":12},"end":{"line":311,"column":18},"skip":true},"74":{"start":{"line":313,"column":8},"end":{"line":313,"column":54},"skip":true},"75":{"start":{"line":314,"column":8},"end":{"line":314,"column":69},"skip":true},"76":{"start":{"line":315,"column":8},"end":{"line":323,"column":36},"skip":true},"77":{"start":{"line":316,"column":12},"end":{"line":316,"column":61},"skip":true},"78":{"start":{"line":317,"column":12},"end":{"line":320,"column":13},"skip":true},"79":{"start":{"line":318,"column":16},"end":{"line":318,"column":75},"skip":true},"80":{"start":{"line":319,"column":16},"end":{"line":319,"column":23},"skip":true},"81":{"start":{"line":321,"column":12},"end":{"line":321,"column":38},"skip":true},"82":{"start":{"line":322,"column":12},"end":{"line":322,"column":27},"skip":true},"83":{"start":{"line":324,"column":8},"end":{"line":324,"column":14},"skip":true}},"branchMap":{"1":{"line":39,"type":"binary-expr","locations":[{"start":{"line":39,"column":23},"end":{"line":39,"column":62}},{"start":{"line":40,"column":20},"end":{"line":40,"column":70}},{"start":{"line":41,"column":20},"end":{"line":41,"column":71}},{"start":{"line":42,"column":20},"end":{"line":42,"column":29}}]},"2":{"line":44,"type":"binary-expr","locations":[{"start":{"line":44,"column":23},"end":{"line":44,"column":37}},{"start":{"line":45,"column":20},"end":{"line":45,"column":61}},{"start":{"line":46,"column":20},"end":{"line":46,"column":70}},{"start":{"line":47,"column":20},"end":{"line":47,"column":26}}]},"3":{"line":51,"type":"cond-expr","locations":[{"start":{"line":52,"column":14},"end":{"line":52,"column":20}},{"start":{"line":53,"column":14},"end":{"line":53,"column":20}}]},"4":{"line":55,"type":"binary-expr","locations":[{"start":{"line":55,"column":16},"end":{"line":55,"column":44}},{"start":{"line":55,"column":49},"end":{"line":57,"column":43}}]},"5":{"line":55,"type":"cond-expr","locations":[{"start":{"line":56,"column":14},"end":{"line":56,"column":57}},{"start":{"line":57,"column":14},"end":{"line":57,"column":43}}]},"6":{"line":61,"type":"switch","locations":[{"start":{"line":68,"column":4},"end":{"line":150,"column":14},"skip":true},{"start":{"line":156,"column":4},"end":{"line":324,"column":14},"skip":true}]},"7":{"line":70,"type":"if","locations":[{"start":{"line":70,"column":12},"end":{"line":70,"column":12},"skip":true},{"start":{"line":70,"column":12},"end":{"line":70,"column":12},"skip":true}]},"8":{"line":70,"type":"binary-expr","locations":[{"start":{"line":70,"column":16},"end":{"line":70,"column":22},"skip":true},{"start":{"line":70,"column":27},"end":{"line":70,"column":32},"skip":true},{"start":{"line":71,"column":20},"end":{"line":71,"column":39},"skip":true},{"start":{"line":72,"column":20},"end":{"line":72,"column":49},"skip":true},{"start":{"line":73,"column":20},"end":{"line":73,"column":58},"skip":true},{"start":{"line":74,"column":20},"end":{"line":74,"column":69},"skip":true}]},"9":{"line":79,"type":"switch","locations":[{"start":{"line":80,"column":20},"end":{"line":80,"column":33},"skip":true},{"start":{"line":81,"column":20},"end":{"line":83,"column":30},"skip":true},{"start":{"line":84,"column":20},"end":{"line":85,"column":49},"skip":true}]},"10":{"line":89,"type":"switch","locations":[{"start":{"line":90,"column":12},"end":{"line":103,"column":22},"skip":true},{"start":{"line":105,"column":12},"end":{"line":106,"column":22},"skip":true}]},"11":{"line":89,"type":"binary-expr","locations":[{"start":{"line":89,"column":20},"end":{"line":89,"column":25},"skip":true},{"start":{"line":89,"column":29},"end":{"line":89,"column":48},"skip":true},{"start":{"line":89,"column":52},"end":{"line":89,"column":74},"skip":true}]},"12":{"line":92,"type":"if","locations":[{"start":{"line":92,"column":16},"end":{"line":92,"column":16},"skip":true},{"start":{"line":92,"column":16},"end":{"line":92,"column":16},"skip":true}]},"13":{"line":108,"type":"if","locations":[{"start":{"line":108,"column":12},"end":{"line":108,"column":12},"skip":true},{"start":{"line":108,"column":12},"end":{"line":108,"column":12},"skip":true}]},"14":{"line":108,"type":"binary-expr","locations":[{"start":{"line":108,"column":16},"end":{"line":108,"column":61},"skip":true},{"start":{"line":108,"column":66},"end":{"line":108,"column":72},"skip":true},{"start":{"line":108,"column":77},"end":{"line":108,"column":82},"skip":true},{"start":{"line":109,"column":20},"end":{"line":109,"column":39},"skip":true},{"start":{"line":110,"column":20},"end":{"line":110,"column":49},"skip":true},{"start":{"line":111,"column":20},"end":{"line":111,"column":58},"skip":true},{"start":{"line":112,"column":20},"end":{"line":112,"column":68},"skip":true}]},"15":{"line":129,"type":"if","locations":[{"start":{"line":129,"column":16},"end":{"line":129,"column":16},"skip":true},{"start":{"line":129,"column":16},"end":{"line":129,"column":16},"skip":true}]},"16":{"line":134,"type":"cond-expr","locations":[{"start":{"line":135,"column":26},"end":{"line":135,"column":29},"skip":true},{"start":{"line":136,"column":26},"end":{"line":136,"column":54},"skip":true}]},"17":{"line":164,"type":"binary-expr","locations":[{"start":{"line":164,"column":27},"end":{"line":164,"column":43},"skip":true},{"start":{"line":164,"column":47},"end":{"line":164,"column":49},"skip":true}]},"18":{"line":258,"type":"if","locations":[{"start":{"line":258,"column":8},"end":{"line":258,"column":8},"skip":true},{"start":{"line":258,"column":8},"end":{"line":258,"column":8},"skip":true}]},"19":{"line":275,"type":"switch","locations":[{"start":{"line":276,"column":20},"end":{"line":277,"column":64},"skip":true},{"start":{"line":278,"column":20},"end":{"line":279,"column":40},"skip":true},{"start":{"line":280,"column":20},"end":{"line":281,"column":40},"skip":true},{"start":{"line":282,"column":20},"end":{"line":283,"column":39},"skip":true}]},"20":{"line":288,"type":"if","locations":[{"start":{"line":288,"column":8},"end":{"line":288,"column":8},"skip":true},{"start":{"line":288,"column":8},"end":{"line":288,"column":8},"skip":true}]},"21":{"line":288,"type":"binary-expr","locations":[{"start":{"line":288,"column":12},"end":{"line":288,"column":40},"skip":true},{"start":{"line":288,"column":44},"end":{"line":288,"column":67},"skip":true}]},"22":{"line":292,"type":"binary-expr","locations":[{"start":{"line":292,"column":12},"end":{"line":292,"column":50},"skip":true},{"start":{"line":293,"column":12},"end":{"line":293,"column":53},"skip":true}]},"23":{"line":297,"type":"binary-expr","locations":[{"start":{"line":297,"column":12},"end":{"line":297,"column":71},"skip":true},{"start":{"line":298,"column":12},"end":{"line":301,"column":36},"skip":true}]},"24":{"line":303,"type":"binary-expr","locations":[{"start":{"line":303,"column":43},"end":{"line":303,"column":75},"skip":true},{"start":{"line":303,"column":79},"end":{"line":303,"column":81},"skip":true}]},"25":{"line":306,"type":"if","locations":[{"start":{"line":306,"column":8},"end":{"line":306,"column":8},"skip":true},{"start":{"line":306,"column":8},"end":{"line":306,"column":8},"skip":true}]},"26":{"line":310,"type":"if","locations":[{"start":{"line":310,"column":8},"end":{"line":310,"column":8},"skip":true},{"start":{"line":310,"column":8},"end":{"line":310,"column":8},"skip":true}]},"27":{"line":313,"type":"binary-expr","locations":[{"start":{"line":313,"column":27},"end":{"line":313,"column":43},"skip":true},{"start":{"line":313,"column":47},"end":{"line":313,"column":53},"skip":true}]},"28":{"line":317,"type":"if","locations":[{"start":{"line":317,"column":12},"end":{"line":317,"column":12},"skip":true},{"start":{"line":317,"column":12},"end":{"line":317,"column":12},"skip":true}]}},"code":["/*","example.js","","quickstart example","","instruction","    1. save this script as example.js","    2. run the shell command:","        $ npm install npmtest-ssb-patchwork && PORT=8081 node example.js","    3. play with the browser-demo on http://127.0.0.1:8081","*/","","","","/* istanbul instrument in package npmtest_ssb_patchwork */","/*jslint","    bitwise: true,","    browser: true,","    maxerr: 8,","    maxlen: 96,","    node: true,","    nomen: true,","    regexp: true,","    stupid: true","*/","(function () {","    'use strict';","    var local;","","","","    // run shared js-env code - init-before","    (function () {","        // init local","        local = {};","        // init modeJs","        local.modeJs = (function () {","            try {","                return typeof navigator.userAgent === 'string' &&","                    typeof document.querySelector('body') === 'object' &&","                    typeof XMLHttpRequest.prototype.open === 'function' &&","                    'browser';","            } catch (errorCaughtBrowser) {","                return module.exports &&","                    typeof process.versions.node === 'string' &&","                    typeof require('http').createServer === 'function' &&","                    'node';","            }","        }());","        // init global","        local.global = local.modeJs === 'browser'","            ? window","            : global;","        // init utility2_rollup","        local = local.global.utility2_rollup || (local.modeJs === 'browser'","            ? local.global.utility2_npmtest_ssb_patchwork","            : global.utility2_moduleExports);","        // export local","        local.global.local = local;","    }());","    switch (local.modeJs) {","","","","    // init-after","    // run browser js-env code - init-after","    /* istanbul ignore next */","    case 'browser':","        local.testRunBrowser = function (event) {","            if (!event || (event &&","                    event.currentTarget &&","                    event.currentTarget.className &&","                    event.currentTarget.className.includes &&","                    event.currentTarget.className.includes('onreset'))) {","                // reset output","                Array.from(","                    document.querySelectorAll('body > .resettable')","                ).forEach(function (element) {","                    switch (element.tagName) {","                    case 'INPUT':","                    case 'TEXTAREA':","                        element.value = '';","                        break;","                    default:","                        element.textContent = '';","                    }","                });","            }","            switch (event && event.currentTarget && event.currentTarget.id) {","            case 'testRunButton1':","                // show tests","                if (document.querySelector('#testReportDiv1').style.display === 'none') {","                    document.querySelector('#testReportDiv1').style.display = 'block';","                    document.querySelector('#testRunButton1').textContent =","                        'hide internal test';","                    local.modeTest = true;","                    local.testRunDefault(local);","                // hide tests","                } else {","                    document.querySelector('#testReportDiv1').style.display = 'none';","                    document.querySelector('#testRunButton1').textContent = 'run internal test';","                }","                break;","            // custom-case","            default:","                break;","            }","            if (document.querySelector('#inputTextareaEval1') && (!event || (event &&","                    event.currentTarget &&","                    event.currentTarget.className &&","                    event.currentTarget.className.includes &&","                    event.currentTarget.className.includes('oneval')))) {","                // try to eval input-code","                try {","                    /*jslint evil: true*/","                    eval(document.querySelector('#inputTextareaEval1').value);","                } catch (errorCaught) {","                    console.error(errorCaught);","                }","            }","        };","        // log stderr and stdout to #outputTextareaStdout1","        ['error', 'log'].forEach(function (key) {","            console[key + '_original'] = console[key];","            console[key] = function () {","                var element;","                console[key + '_original'].apply(console, arguments);","                element = document.querySelector('#outputTextareaStdout1');","                if (!element) {","                    return;","                }","                // append text to #outputTextareaStdout1","                element.value += Array.from(arguments).map(function (arg) {","                    return typeof arg === 'string'","                        ? arg","                        : JSON.stringify(arg, null, 4);","                }).join(' ') + '\\n';","                // scroll textarea to bottom","                element.scrollTop = element.scrollHeight;","            };","        });","        // init event-handling","        ['change', 'click', 'keyup'].forEach(function (event) {","            Array.from(document.querySelectorAll('.on' + event)).forEach(function (element) {","                element.addEventListener(event, local.testRunBrowser);","            });","        });","        // run tests","        local.testRunBrowser();","        break;","","","","    // run node js-env code - init-after","    /* istanbul ignore next */","    case 'node':","        // export local","        module.exports = local;","        // require modules","        local.fs = require('fs');","        local.http = require('http');","        local.url = require('url');","        // init assets","        local.assetsDict = local.assetsDict || {};","        /* jslint-ignore-begin */","        local.assetsDict['/assets.index.template.html'] = '\\","<!doctype html>\\n\\","<html lang=\"en\">\\n\\","<head>\\n\\","<meta charset=\"UTF-8\">\\n\\","<meta name=\"viewport\" content=\"width=device-width, initial-scale=1\">\\n\\","<title>{{env.npm_package_name}} (v{{env.npm_package_version}})</title>\\n\\","<style>\\n\\","/*csslint\\n\\","    box-sizing: false,\\n\\","    universal-selector: false\\n\\","*/\\n\\","* {\\n\\","    box-sizing: border-box;\\n\\","}\\n\\","body {\\n\\","    background: #dde;\\n\\","    font-family: Arial, Helvetica, sans-serif;\\n\\","    margin: 2rem;\\n\\","}\\n\\","body > * {\\n\\","    margin-bottom: 1rem;\\n\\","}\\n\\",".utility2FooterDiv {\\n\\","    margin-top: 20px;\\n\\","    text-align: center;\\n\\","}\\n\\","</style>\\n\\","<style>\\n\\","/*csslint\\n\\","*/\\n\\","textarea {\\n\\","    font-family: monospace;\\n\\","    height: 10rem;\\n\\","    width: 100%;\\n\\","}\\n\\","textarea[readonly] {\\n\\","    background: #ddd;\\n\\","}\\n\\","</style>\\n\\","</head>\\n\\","<body>\\n\\","<!-- utility2-comment\\n\\","<div id=\"ajaxProgressDiv1\" style=\"background: #d00; height: 2px; left: 0; margin: 0; padding: 0; position: fixed; top: 0; transition: background 0.5s, width 1.5s; width: 25%;\"></div>\\n\\","utility2-comment -->\\n\\","<h1>\\n\\","<!-- utility2-comment\\n\\","    <a\\n\\","        {{#if env.npm_package_homepage}}\\n\\","        href=\"{{env.npm_package_homepage}}\"\\n\\","        {{/if env.npm_package_homepage}}\\n\\","        target=\"_blank\"\\n\\","    >\\n\\","utility2-comment -->\\n\\","        {{env.npm_package_name}} (v{{env.npm_package_version}})\\n\\","<!-- utility2-comment\\n\\","    </a>\\n\\","utility2-comment -->\\n\\","</h1>\\n\\","<h3>{{env.npm_package_description}}</h3>\\n\\","<!-- utility2-comment\\n\\","<h4><a download href=\"assets.app.js\">download standalone app</a></h4>\\n\\","<button class=\"onclick onreset\" id=\"testRunButton1\">run internal test</button><br>\\n\\","<div id=\"testReportDiv1\" style=\"display: none;\"></div>\\n\\","utility2-comment -->\\n\\","\\n\\","\\n\\","\\n\\","<label>stderr and stdout</label>\\n\\","<textarea class=\"resettable\" id=\"outputTextareaStdout1\" readonly></textarea>\\n\\","<!-- utility2-comment\\n\\","{{#if isRollup}}\\n\\","<script src=\"assets.app.js\"></script>\\n\\","{{#unless isRollup}}\\n\\","utility2-comment -->\\n\\","<script src=\"assets.utility2.rollup.js\"></script>\\n\\","<script src=\"jsonp.utility2._stateInit?callback=window.utility2._stateInit\"></script>\\n\\","<script src=\"assets.npmtest_ssb_patchwork.rollup.js\"></script>\\n\\","<script src=\"assets.example.js\"></script>\\n\\","<script src=\"assets.test.js\"></script>\\n\\","<!-- utility2-comment\\n\\","{{/if isRollup}}\\n\\","utility2-comment -->\\n\\","<div class=\"utility2FooterDiv\">\\n\\","    [ this app was created with\\n\\","    <a href=\"https://github.com/kaizhu256/node-utility2\" target=\"_blank\">utility2</a>\\n\\","    ]\\n\\","</div>\\n\\","</body>\\n\\","</html>\\n\\","';","        /* jslint-ignore-end */","        if (local.templateRender) {","            local.assetsDict['/'] = local.templateRender(","                local.assetsDict['/assets.index.template.html'],","                {","                    env: local.objectSetDefault(local.env, {","                        npm_package_description: 'the greatest app in the world!',","                        npm_package_name: 'my-app',","                        npm_package_nameAlias: 'my_app',","                        npm_package_version: '0.0.1'","                    })","                }","            );","        } else {","            local.assetsDict['/'] = local.assetsDict['/assets.index.template.html']","                .replace((/\\{\\{env\\.(\\w+?)\\}\\}/g), function (match0, match1) {","                    // jslint-hack","                    String(match0);","                    switch (match1) {","                    case 'npm_package_description':","                        return 'the greatest app in the world!';","                    case 'npm_package_name':","                        return 'my-app';","                    case 'npm_package_nameAlias':","                        return 'my_app';","                    case 'npm_package_version':","                        return '0.0.1';","                    }","                });","        }","        // run the cli","        if (local.global.utility2_rollup || module !== require.main) {","            break;","        }","        local.assetsDict['/assets.example.js'] =","            local.assetsDict['/assets.example.js'] ||","            local.fs.readFileSync(__filename, 'utf8');","        // bug-workaround - long $npm_package_buildCustomOrg","        /* jslint-ignore-begin */","        local.assetsDict['/assets.npmtest_ssb_patchwork.rollup.js'] =","            local.assetsDict['/assets.npmtest_ssb_patchwork.rollup.js'] ||","            local.fs.readFileSync(","                local.npmtest_ssb_patchwork.__dirname + '/lib.npmtest_ssb_patchwork.js',","                'utf8'","            ).replace((/^#!/), '//');","        /* jslint-ignore-end */","        local.assetsDict['/favicon.ico'] = local.assetsDict['/favicon.ico'] || '';","        // if $npm_config_timeout_exit exists,","        // then exit this process after $npm_config_timeout_exit ms","        if (Number(process.env.npm_config_timeout_exit)) {","            setTimeout(process.exit, Number(process.env.npm_config_timeout_exit));","        }","        // start server","        if (local.global.utility2_serverHttp1) {","            break;","        }","        process.env.PORT = process.env.PORT || '8081';","        console.error('server starting on port ' + process.env.PORT);","        local.http.createServer(function (request, response) {","            request.urlParsed = local.url.parse(request.url);","            if (local.assetsDict[request.urlParsed.pathname] !== undefined) {","                response.end(local.assetsDict[request.urlParsed.pathname]);","                return;","            }","            response.statusCode = 404;","            response.end();","        }).listen(process.env.PORT);","        break;","    }","}());",""],"l":{"26":2,"28":2,"33":2,"35":2,"37":2,"38":2,"39":2,"44":1,"51":2,"55":2,"59":2,"61":2,"69":1,"70":2,"76":2,"79":2,"82":2,"83":2,"85":1,"89":2,"92":1,"93":1,"94":1,"96":1,"97":1,"100":1,"101":1,"103":1,"106":1,"108":2,"114":1,"116":1,"118":1,"123":1,"124":2,"125":2,"126":3,"127":3,"128":3,"129":3,"130":1,"133":3,"134":3,"139":3,"143":1,"144":3,"145":1,"149":1,"150":1,"158":1,"160":1,"161":1,"162":1,"164":1,"166":1,"258":1,"259":1,"271":1,"274":6,"275":6,"277":1,"279":2,"281":1,"283":2,"288":1,"289":1,"291":1,"296":1,"303":1,"306":1,"307":1,"310":1,"311":1,"313":1,"314":1,"315":1,"316":1,"317":1,"318":1,"319":1,"321":1,"322":1,"324":1}},"/home/travis/build/npmtest/node-npmtest-ssb-patchwork/node_modules/ssb-patchwork/index.js":{"path":"/home/travis/build/npmtest/node-npmtest-ssb-patchwork/node_modules/ssb-patchwork/index.js","s":{"1":6,"2":6,"3":6,"4":0,"5":0,"6":0,"7":0,"8":0,"9":0},"b":{"1":[0,0],"2":[0,0]},"f":{},"fnMap":{},"statementMap":{"1":{"start":{"line":4,"column":0},"end":{"line":4,"column":29}},"2":{"start":{"line":5,"column":0},"end":{"line":5,"column":33}},"3":{"start":{"line":6,"column":0},"end":{"line":6,"column":67}},"4":{"start":{"line":7,"column":0},"end":{"line":7,"column":72}},"5":{"start":{"line":8,"column":0},"end":{"line":10,"column":69}},"6":{"start":{"line":9,"column":2},"end":{"line":10,"column":69}},"7":{"start":{"line":14,"column":0},"end":{"line":18,"column":1}},"8":{"start":{"line":15,"column":2},"end":{"line":15,"column":31}},"9":{"start":{"line":17,"column":2},"end":{"line":17,"column":37}}},"branchMap":{"1":{"line":8,"type":"if","locations":[{"start":{"line":8,"column":0},"end":{"line":8,"column":0}},{"start":{"line":8,"column":0},"end":{"line":8,"column":0}}]},"2":{"line":14,"type":"if","locations":[{"start":{"line":14,"column":0},"end":{"line":14,"column":0}},{"start":{"line":14,"column":0},"end":{"line":14,"column":0}}]}},"code":["//#! /usr/bin/env node","","// load config","var path    = require('path')","var ssbKeys = require('ssb-keys')","var config  = require('ssb-config/inject')(process.env.ssb_appname)","config.keys = ssbKeys.loadOrCreateSync(path.join(config.path, 'secret'))","if(config.keys.curve === 'k256')","  throw new Error('k256 curves are no longer supported,'+","                  'please delete' + path.join(config.path, 'secret'))","","","// run electron-specific code, if appropriate","if (process.versions['electron']) {","  require('./electron')(config)","} else {","  require('./server-process')(config)","}",""],"l":{"4":6,"5":6,"6":6,"7":0,"8":0,"9":0,"14":0,"15":0,"17":0}},"/home/travis/build/npmtest/node-npmtest-ssb-patchwork/node_modules/ssb-patchwork/config.js":{"path":"/home/travis/build/npmtest/node-npmtest-ssb-patchwork/node_modules/ssb-patchwork/config.js","s":{"1":1,"2":1,"3":0,"4":0,"5":0,"6":0,"7":0,"8":0,"9":0,"10":0,"11":0,"12":0,"13":0,"14":0,"15":0,"16":0,"17":0,"18":0,"19":0,"20":0,"21":0,"22":0,"23":0,"24":0,"25":0,"26":0,"27":0,"28":0,"29":0,"30":0,"31":0,"32":0,"33":0,"34":0,"35":0,"36":0,"37":0,"38":0,"39":0,"40":0,"41":0,"42":0,"43":0,"44":0,"45":0,"46":0,"47":0,"48":0,"49":0,"50":0,"51":0,"52":0,"53":1,"54":0,"55":1,"56":0},"b":{"1":[0,0],"2":[0,0],"3":[0,0],"4":[0,0],"5":[0,0],"6":[0,0],"7":[0,0],"8":[0,0],"9":[0,0],"10":[0,0],"11":[0,0],"12":[0,0],"13":[0,0],"14":[0,0],"15":[0,0],"16":[0,0],"17":[0,0],"18":[0,0]},"f":{"1":0,"2":0,"3":0,"4":0,"5":0,"6":0,"7":0,"8":0,"9":0,"10":0,"11":0,"12":0,"13":0,"14":0},"fnMap":{"1":{"name":"(anonymous_1)","line":2,"loc":{"start":{"line":2,"column":17},"end":{"line":2,"column":33}}},"2":{"name":"(anonymous_2)","line":5,"loc":{"start":{"line":5,"column":17},"end":{"line":5,"column":29}}},"3":{"name":"(anonymous_3)","line":8,"loc":{"start":{"line":8,"column":13},"end":{"line":8,"column":25}}},"4":{"name":"(anonymous_4)","line":11,"loc":{"start":{"line":11,"column":17},"end":{"line":11,"column":29}}},"5":{"name":"(anonymous_5)","line":15,"loc":{"start":{"line":15,"column":23},"end":{"line":15,"column":35}}},"6":{"name":"(anonymous_6)","line":19,"loc":{"start":{"line":19,"column":22},"end":{"line":19,"column":34}}},"7":{"name":"(anonymous_7)","line":22,"loc":{"start":{"line":22,"column":19},"end":{"line":22,"column":34}}},"8":{"name":"(anonymous_8)","line":26,"loc":{"start":{"line":26,"column":12},"end":{"line":26,"column":24}}},"9":{"name":"(anonymous_9)","line":29,"loc":{"start":{"line":29,"column":17},"end":{"line":29,"column":29}}},"10":{"name":"(anonymous_10)","line":60,"loc":{"start":{"line":60,"column":12},"end":{"line":60,"column":24}}},"11":{"name":"(anonymous_11)","line":68,"loc":{"start":{"line":68,"column":14},"end":{"line":68,"column":26}}},"12":{"name":"(anonymous_12)","line":76,"loc":{"start":{"line":76,"column":17},"end":{"line":76,"column":29}}},"13":{"name":"isString","line":108,"loc":{"start":{"line":108,"column":0},"end":{"line":108,"column":22}}},"14":{"name":"isObject","line":111,"loc":{"start":{"line":111,"column":0},"end":{"line":111,"column":22}}}},"statementMap":{"1":{"start":{"line":1,"column":0},"end":{"line":1,"column":22}},"2":{"start":{"line":2,"column":0},"end":{"line":106,"column":1}},"3":{"start":{"line":4,"column":2},"end":{"line":79,"column":3}},"4":{"start":{"line":6,"column":6},"end":{"line":6,"column":37}},"5":{"start":{"line":9,"column":6},"end":{"line":9,"column":17}},"6":{"start":{"line":12,"column":6},"end":{"line":12,"column":93}},"7":{"start":{"line":16,"column":6},"end":{"line":16,"column":35}},"8":{"start":{"line":20,"column":6},"end":{"line":20,"column":46}},"9":{"start":{"line":23,"column":6},"end":{"line":23,"column":44}},"10":{"start":{"line":27,"column":6},"end":{"line":27,"column":23}},"11":{"start":{"line":30,"column":6},"end":{"line":33,"column":7}},"12":{"start":{"line":31,"column":8},"end":{"line":31,"column":115}},"13":{"start":{"line":32,"column":8},"end":{"line":32,"column":20}},"14":{"start":{"line":34,"column":6},"end":{"line":37,"column":7}},"15":{"start":{"line":35,"column":8},"end":{"line":35,"column":91}},"16":{"start":{"line":36,"column":8},"end":{"line":36,"column":20}},"17":{"start":{"line":38,"column":6},"end":{"line":41,"column":7}},"18":{"start":{"line":39,"column":8},"end":{"line":39,"column":93}},"19":{"start":{"line":40,"column":8},"end":{"line":40,"column":20}},"20":{"start":{"line":42,"column":6},"end":{"line":49,"column":7}},"21":{"start":{"line":43,"column":8},"end":{"line":43,"column":47}},"22":{"start":{"line":44,"column":8},"end":{"line":45,"column":21}},"23":{"start":{"line":45,"column":10},"end":{"line":45,"column":21}},"24":{"start":{"line":47,"column":8},"end":{"line":47,"column":83}},"25":{"start":{"line":48,"column":8},"end":{"line":48,"column":20}},"26":{"start":{"line":50,"column":6},"end":{"line":57,"column":7}},"27":{"start":{"line":51,"column":8},"end":{"line":51,"column":49}},"28":{"start":{"line":52,"column":8},"end":{"line":53,"column":21}},"29":{"start":{"line":53,"column":10},"end":{"line":53,"column":21}},"30":{"start":{"line":55,"column":8},"end":{"line":55,"column":84}},"31":{"start":{"line":56,"column":8},"end":{"line":56,"column":20}},"32":{"start":{"line":58,"column":6},"end":{"line":58,"column":17}},"33":{"start":{"line":61,"column":6},"end":{"line":64,"column":7}},"34":{"start":{"line":70,"column":6},"end":{"line":71,"column":19}},"35":{"start":{"line":71,"column":8},"end":{"line":71,"column":19}},"36":{"start":{"line":73,"column":6},"end":{"line":74,"column":19}},"37":{"start":{"line":74,"column":8},"end":{"line":74,"column":19}},"38":{"start":{"line":77,"column":6},"end":{"line":77,"column":24}},"39":{"start":{"line":84,"column":2},"end":{"line":87,"column":38}},"40":{"start":{"line":85,"column":4},"end":{"line":85,"column":39}},"41":{"start":{"line":87,"column":4},"end":{"line":87,"column":38}},"42":{"start":{"line":90,"column":2},"end":{"line":93,"column":33}},"43":{"start":{"line":91,"column":4},"end":{"line":91,"column":34}},"44":{"start":{"line":93,"column":4},"end":{"line":93,"column":33}},"45":{"start":{"line":96,"column":2},"end":{"line":103,"column":43}},"46":{"start":{"line":97,"column":4},"end":{"line":97,"column":44}},"47":{"start":{"line":98,"column":4},"end":{"line":99,"column":104}},"48":{"start":{"line":99,"column":6},"end":{"line":99,"column":104}},"49":{"start":{"line":100,"column":4},"end":{"line":101,"column":156}},"50":{"start":{"line":101,"column":6},"end":{"line":101,"column":156}},"51":{"start":{"line":103,"column":4},"end":{"line":103,"column":43}},"52":{"start":{"line":105,"column":2},"end":{"line":105,"column":15}},"53":{"start":{"line":108,"column":0},"end":{"line":110,"column":1}},"54":{"start":{"line":109,"column":2},"end":{"line":109,"column":34}},"55":{"start":{"line":111,"column":0},"end":{"line":113,"column":1}},"56":{"start":{"line":112,"column":2},"end":{"line":112,"column":34}}},"branchMap":{"1":{"line":6,"type":"binary-expr","locations":[{"start":{"line":6,"column":13},"end":{"line":6,"column":22}},{"start":{"line":6,"column":26},"end":{"line":6,"column":37}}]},"2":{"line":12,"type":"cond-expr","locations":[{"start":{"line":12,"column":30},"end":{"line":12,"column":37}},{"start":{"line":12,"column":38},"end":{"line":12,"column":44}}]},"3":{"line":30,"type":"if","locations":[{"start":{"line":30,"column":6},"end":{"line":30,"column":6}},{"start":{"line":30,"column":6},"end":{"line":30,"column":6}}]},"4":{"line":34,"type":"if","locations":[{"start":{"line":34,"column":6},"end":{"line":34,"column":6}},{"start":{"line":34,"column":6},"end":{"line":34,"column":6}}]},"5":{"line":38,"type":"if","locations":[{"start":{"line":38,"column":6},"end":{"line":38,"column":6}},{"start":{"line":38,"column":6},"end":{"line":38,"column":6}}]},"6":{"line":44,"type":"if","locations":[{"start":{"line":44,"column":8},"end":{"line":44,"column":8}},{"start":{"line":44,"column":8},"end":{"line":44,"column":8}}]},"7":{"line":52,"type":"if","locations":[{"start":{"line":52,"column":8},"end":{"line":52,"column":8}},{"start":{"line":52,"column":8},"end":{"line":52,"column":8}}]},"8":{"line":70,"type":"if","locations":[{"start":{"line":70,"column":6},"end":{"line":70,"column":6}},{"start":{"line":70,"column":6},"end":{"line":70,"column":6}}]},"9":{"line":70,"type":"binary-expr","locations":[{"start":{"line":70,"column":10},"end":{"line":70,"column":34}},{"start":{"line":70,"column":38},"end":{"line":70,"column":52}}]},"10":{"line":73,"type":"if","locations":[{"start":{"line":73,"column":6},"end":{"line":73,"column":6}},{"start":{"line":73,"column":6},"end":{"line":73,"column":6}}]},"11":{"line":73,"type":"binary-expr","locations":[{"start":{"line":73,"column":10},"end":{"line":73,"column":23}},{"start":{"line":73,"column":27},"end":{"line":73,"column":46}}]},"12":{"line":84,"type":"if","locations":[{"start":{"line":84,"column":2},"end":{"line":84,"column":2}},{"start":{"line":84,"column":2},"end":{"line":84,"column":2}}]},"13":{"line":90,"type":"if","locations":[{"start":{"line":90,"column":2},"end":{"line":90,"column":2}},{"start":{"line":90,"column":2},"end":{"line":90,"column":2}}]},"14":{"line":96,"type":"if","locations":[{"start":{"line":96,"column":2},"end":{"line":96,"column":2}},{"start":{"line":96,"column":2},"end":{"line":96,"column":2}}]},"15":{"line":98,"type":"if","locations":[{"start":{"line":98,"column":4},"end":{"line":98,"column":4}},{"start":{"line":98,"column":4},"end":{"line":98,"column":4}}]},"16":{"line":100,"type":"if","locations":[{"start":{"line":100,"column":4},"end":{"line":100,"column":4}},{"start":{"line":100,"column":4},"end":{"line":100,"column":4}}]},"17":{"line":109,"type":"binary-expr","locations":[{"start":{"line":109,"column":9},"end":{"line":109,"column":10}},{"start":{"line":109,"column":14},"end":{"line":109,"column":34}}]},"18":{"line":112,"type":"binary-expr","locations":[{"start":{"line":112,"column":9},"end":{"line":112,"column":10}},{"start":{"line":112,"column":14},"end":{"line":112,"column":34}}]}},"code":["var fs = require('fs')","module.exports = function (conf) {","  // ask the oracle thy question","  var oracle = {","    getHostname: function () {","      return conf.host || 'localhost'","    },","    getPort: function () {","      return 7777","    },","    getLocalUrl: function () {","      return (oracle.useTLS()?'https':'http')+'://'+oracle.getHostname()+':'+oracle.getPort()","    },","","    allowRemoteAccess: function () {","      return conf.allowRemoteAccess","    },","","    requiresPassword: function () {","      return isString(conf.singleUserPassword)","    },","    checkPassword: function (str) {","      return str === conf.singleUserPassword","    },","","    useTLS: function () {","      return !!conf.tls","    },","    validateTLS: function () {","      if (!isObject(conf.tls)) {","        console.log('ERROR! tls config requires tls.key (path to the keyfile) and tls.cert (path to the certfile)')","        return false","      }","      if (!isString(conf.tls.key)) {","        console.log('ERROR! tls.key, a path to your TLS key, is required for TLS to work.')","        return false","      }","      if (!isString(conf.tls.cert)) {","        console.log('ERROR! tls.cert, a path to your TLS cert, is required for TLS to work.')","        return false","      }","      try {","        var keyStat = fs.statSync(conf.tls.key)","        if (!keyStat.isFile())","          throw \"err\"","      } catch (e) {","        console.log('ERROR! the file specified by the tls.key path was not valid.')","        return false","      }","      try {","        var certStat = fs.statSync(conf.tls.cert)","        if (!certStat.isFile())","          throw \"err\"","      } catch (e) {","        console.log('ERROR! the file specified by the tls.cert path was not valid.')","        return false","      }","      return true","    },","    getTLS: function () {","      return {","        key: fs.readFileSync(conf.tls.key),","        cert: fs.readFileSync(conf.tls.cert)","      }","    },","","    // function to validate the config choices made","    hasError: function () {","      // error: allowing remote access but without a TLS cert","      if (this.allowRemoteAccess() && !this.useTLS())","        return true","      // error: bad TLS config","      if (this.useTLS() && !this.validateTLS())","        return true","    },","    allowUnsafe: function () {","      return conf.unsafe","    }","  }","","  // give the user some feedback about the config state","","  // password config","  if (oracle.requiresPassword())","    console.log('[CFG] Password: YES.')","  else","    console.log('[CFG] Password: NO.')","","  // TLS","  if (oracle.useTLS())","    console.log('[CFG] TLS: YES.')","  else","    console.log('[CFG] TLS: NO.')","","  // allowRemoteAccess variations","  if (oracle.allowRemoteAccess()) {","    console.log('[CFG] Remote Access: YES.')","    if (!oracle.requiresPassword())","      console.log('WARNING! Remote access is allowed, but no password is configured. This is not safe!')","    if (!oracle.useTLS())","      console.log('ERROR! Remote access is allowed, but no TLS security is configured. Other devices will be able to steal the password or inject attacks.')","  } else","    console.log('[CFG] Remote Access: NO.')","","  return oracle","}","","function isString (v) {","  return v && typeof v == 'string'","}","function isObject (v) {","  return v && typeof v == 'object'","}",""],"l":{"1":1,"2":1,"4":0,"6":0,"9":0,"12":0,"16":0,"20":0,"23":0,"27":0,"30":0,"31":0,"32":0,"34":0,"35":0,"36":0,"38":0,"39":0,"40":0,"42":0,"43":0,"44":0,"45":0,"47":0,"48":0,"50":0,"51":0,"52":0,"53":0,"55":0,"56":0,"58":0,"61":0,"70":0,"71":0,"73":0,"74":0,"77":0,"84":0,"85":0,"87":0,"90":0,"91":0,"93":0,"96":0,"97":0,"98":0,"99":0,"100":0,"101":0,"103":0,"105":0,"108":1,"109":0,"111":1,"112":0}},"/home/travis/build/npmtest/node-npmtest-ssb-patchwork/node_modules/ssb-patchwork/http-server.js":{"path":"/home/travis/build/npmtest/node-npmtest-ssb-patchwork/node_modules/ssb-patchwork/http-server.js","s":{"1":1,"2":1,"3":1,"4":1,"5":1,"6":1,"7":1,"8":1,"9":1,"10":1,"11":1,"12":1,"13":0,"14":0,"15":0,"16":0,"17":0,"18":0,"19":0,"20":0,"21":1,"22":0,"23":1,"24":0,"25":0,"26":1,"27":0,"28":0,"29":0,"30":0,"31":0,"32":0,"33":1,"34":0,"35":0,"36":0,"37":1,"38":0,"39":0,"40":0,"41":0,"42":0,"43":0,"44":1,"45":0,"46":0,"47":0,"48":0,"49":0,"50":0,"51":0,"52":0,"53":0,"54":0,"55":1,"56":0,"57":0,"58":0,"59":0,"60":0,"61":0,"62":0,"63":0,"64":0,"65":0,"66":0,"67":0,"68":0,"69":0,"70":0,"71":0,"72":0,"73":0,"74":0,"75":0,"76":1,"77":0,"78":0,"79":0,"80":0,"81":0,"82":0,"83":0,"84":0,"85":0,"86":0,"87":1,"88":0,"89":0,"90":0,"91":0,"92":0,"93":0,"94":0,"95":0,"96":0,"97":1,"98":0,"99":1,"100":0,"101":1,"102":0},"b":{"1":[0,0],"2":[0,0],"3":[0,0],"4":[0,0],"5":[0,0],"6":[0,0],"7":[0,0],"8":[0,0],"9":[0,0],"10":[0,0],"11":[0,0],"12":[0,0],"13":[0,0],"14":[0,0],"15":[0,0],"16":[0,0],"17":[0,0],"18":[0,0],"19":[0,0],"20":[0,0],"21":[0,0],"22":[0,0],"23":[0,0],"24":[0,0],"25":[0,0]},"f":{"1":0,"2":0,"3":0,"4":0,"5":0,"6":0,"7":0,"8":0,"9":0,"10":0,"11":0,"12":0,"13":0,"14":0,"15":0,"16":0,"17":0,"18":0,"19":0,"20":0,"21":0,"22":0,"23":0},"fnMap":{"1":{"name":"(anonymous_1)","line":13,"loc":{"start":{"line":13,"column":13},"end":{"line":13,"column":36}}},"2":{"name":"(anonymous_2)","line":39,"loc":{"start":{"line":39,"column":14},"end":{"line":39,"column":26}}},"3":{"name":"respond","line":41,"loc":{"start":{"line":41,"column":0},"end":{"line":41,"column":40}}},"4":{"name":"respondSource","line":46,"loc":{"start":{"line":46,"column":0},"end":{"line":46,"column":43}}},"5":{"name":"(anonymous_5)","line":61,"loc":{"start":{"line":61,"column":12},"end":{"line":61,"column":28}}},"6":{"name":"(anonymous_6)","line":69,"loc":{"start":{"line":69,"column":24},"end":{"line":69,"column":40}}},"7":{"name":"(anonymous_7)","line":70,"loc":{"start":{"line":70,"column":9},"end":{"line":70,"column":35}}},"8":{"name":"(anonymous_8)","line":76,"loc":{"start":{"line":76,"column":56},"end":{"line":76,"column":74}}},"9":{"name":"(anonymous_9)","line":77,"loc":{"start":{"line":77,"column":9},"end":{"line":77,"column":35}}},"10":{"name":"(anonymous_10)","line":86,"loc":{"start":{"line":86,"column":58},"end":{"line":86,"column":76}}},"11":{"name":"(anonymous_11)","line":87,"loc":{"start":{"line":87,"column":9},"end":{"line":87,"column":35}}},"12":{"name":"(anonymous_12)","line":105,"loc":{"start":{"line":105,"column":34},"end":{"line":105,"column":64}}},"13":{"name":"(anonymous_13)","line":108,"loc":{"start":{"line":108,"column":9},"end":{"line":108,"column":35}}},"14":{"name":"(anonymous_14)","line":122,"loc":{"start":{"line":122,"column":22},"end":{"line":122,"column":43}}},"15":{"name":"(anonymous_15)","line":137,"loc":{"start":{"line":137,"column":38},"end":{"line":137,"column":54}}},"16":{"name":"(anonymous_16)","line":138,"loc":{"start":{"line":138,"column":9},"end":{"line":138,"column":35}}},"17":{"name":"(anonymous_17)","line":141,"loc":{"start":{"line":141,"column":26},"end":{"line":141,"column":45}}},"18":{"name":"(anonymous_18)","line":155,"loc":{"start":{"line":155,"column":38},"end":{"line":155,"column":50}}},"19":{"name":"(anonymous_19)","line":156,"loc":{"start":{"line":156,"column":9},"end":{"line":156,"column":35}}},"20":{"name":"(anonymous_20)","line":158,"loc":{"start":{"line":158,"column":29},"end":{"line":158,"column":50}}},"21":{"name":"(anonymous_21)","line":171,"loc":{"start":{"line":171,"column":20},"end":{"line":171,"column":42}}},"22":{"name":"(anonymous_22)","line":179,"loc":{"start":{"line":179,"column":20},"end":{"line":179,"column":36}}},"23":{"name":"(anonymous_23)","line":187,"loc":{"start":{"line":187,"column":19},"end":{"line":187,"column":49}}}},"statementMap":{"1":{"start":{"line":1,"column":0},"end":{"line":1,"column":35}},"2":{"start":{"line":2,"column":0},"end":{"line":2,"column":45}},"3":{"start":{"line":3,"column":0},"end":{"line":3,"column":32}},"4":{"start":{"line":4,"column":0},"end":{"line":4,"column":46}},"5":{"start":{"line":5,"column":0},"end":{"line":5,"column":34}},"6":{"start":{"line":6,"column":0},"end":{"line":6,"column":27}},"7":{"start":{"line":7,"column":0},"end":{"line":7,"column":28}},"8":{"start":{"line":8,"column":0},"end":{"line":8,"column":26}},"9":{"start":{"line":9,"column":0},"end":{"line":9,"column":31}},"10":{"start":{"line":10,"column":0},"end":{"line":10,"column":29}},"11":{"start":{"line":11,"column":0},"end":{"line":11,"column":26}},"12":{"start":{"line":13,"column":0},"end":{"line":38,"column":1}},"13":{"start":{"line":17,"column":2},"end":{"line":17,"column":10}},"14":{"start":{"line":18,"column":2},"end":{"line":29,"column":3}},"15":{"start":{"line":19,"column":4},"end":{"line":19,"column":31}},"16":{"start":{"line":21,"column":4},"end":{"line":21,"column":56}},"17":{"start":{"line":22,"column":4},"end":{"line":24,"column":45}},"18":{"start":{"line":27,"column":4},"end":{"line":28,"column":24}},"19":{"start":{"line":28,"column":6},"end":{"line":28,"column":24}},"20":{"start":{"line":31,"column":2},"end":{"line":37,"column":92}},"21":{"start":{"line":39,"column":0},"end":{"line":39,"column":64}},"22":{"start":{"line":39,"column":28},"end":{"line":39,"column":63}},"23":{"start":{"line":41,"column":0},"end":{"line":44,"column":1}},"24":{"start":{"line":42,"column":2},"end":{"line":42,"column":23}},"25":{"start":{"line":43,"column":2},"end":{"line":43,"column":18}},"26":{"start":{"line":46,"column":0},"end":{"line":67,"column":1}},"27":{"start":{"line":47,"column":2},"end":{"line":66,"column":3}},"28":{"start":{"line":48,"column":4},"end":{"line":48,"column":53}},"29":{"start":{"line":49,"column":4},"end":{"line":56,"column":5}},"30":{"start":{"line":59,"column":4},"end":{"line":65,"column":5}},"31":{"start":{"line":62,"column":8},"end":{"line":62,"column":73}},"32":{"start":{"line":62,"column":18},"end":{"line":62,"column":73}},"33":{"start":{"line":69,"column":0},"end":{"line":74,"column":1}},"34":{"start":{"line":70,"column":2},"end":{"line":73,"column":3}},"35":{"start":{"line":71,"column":4},"end":{"line":71,"column":69}},"36":{"start":{"line":72,"column":4},"end":{"line":72,"column":10}},"37":{"start":{"line":76,"column":0},"end":{"line":84,"column":1}},"38":{"start":{"line":77,"column":2},"end":{"line":83,"column":3}},"39":{"start":{"line":78,"column":4},"end":{"line":79,"column":19}},"40":{"start":{"line":79,"column":6},"end":{"line":79,"column":19}},"41":{"start":{"line":80,"column":4},"end":{"line":81,"column":19}},"42":{"start":{"line":81,"column":6},"end":{"line":81,"column":19}},"43":{"start":{"line":82,"column":4},"end":{"line":82,"column":48}},"44":{"start":{"line":86,"column":0},"end":{"line":103,"column":1}},"45":{"start":{"line":87,"column":2},"end":{"line":102,"column":3}},"46":{"start":{"line":88,"column":4},"end":{"line":89,"column":19}},"47":{"start":{"line":89,"column":6},"end":{"line":89,"column":19}},"48":{"start":{"line":92,"column":4},"end":{"line":92,"column":67}},"49":{"start":{"line":93,"column":4},"end":{"line":97,"column":5}},"50":{"start":{"line":94,"column":6},"end":{"line":94,"column":82}},"51":{"start":{"line":95,"column":6},"end":{"line":96,"column":21}},"52":{"start":{"line":96,"column":8},"end":{"line":96,"column":21}},"53":{"start":{"line":100,"column":4},"end":{"line":100,"column":75}},"54":{"start":{"line":101,"column":4},"end":{"line":101,"column":37}},"55":{"start":{"line":105,"column":0},"end":{"line":135,"column":1}},"56":{"start":{"line":106,"column":2},"end":{"line":107,"column":35}},"57":{"start":{"line":107,"column":4},"end":{"line":107,"column":35}},"58":{"start":{"line":108,"column":2},"end":{"line":134,"column":3}},"59":{"start":{"line":109,"column":4},"end":{"line":109,"column":41}},"60":{"start":{"line":110,"column":4},"end":{"line":110,"column":34}},"61":{"start":{"line":111,"column":4},"end":{"line":112,"column":29}},"62":{"start":{"line":112,"column":6},"end":{"line":112,"column":29}},"63":{"start":{"line":115,"column":4},"end":{"line":118,"column":5}},"64":{"start":{"line":116,"column":6},"end":{"line":116,"column":57}},"65":{"start":{"line":117,"column":6},"end":{"line":117,"column":98}},"66":{"start":{"line":121,"column":4},"end":{"line":121,"column":51}},"67":{"start":{"line":122,"column":4},"end":{"line":133,"column":6}},"68":{"start":{"line":123,"column":6},"end":{"line":123,"column":27}},"69":{"start":{"line":123,"column":14},"end":{"line":123,"column":27}},"70":{"start":{"line":124,"column":6},"end":{"line":124,"column":72}},"71":{"start":{"line":124,"column":25},"end":{"line":124,"column":72}},"72":{"start":{"line":127,"column":6},"end":{"line":130,"column":59}},"73":{"start":{"line":128,"column":8},"end":{"line":128,"column":69}},"74":{"start":{"line":130,"column":8},"end":{"line":130,"column":59}},"75":{"start":{"line":132,"column":6},"end":{"line":132,"column":70}},"76":{"start":{"line":137,"column":0},"end":{"line":153,"column":1}},"77":{"start":{"line":138,"column":2},"end":{"line":152,"column":3}},"78":{"start":{"line":139,"column":4},"end":{"line":139,"column":41}},"79":{"start":{"line":140,"column":4},"end":{"line":140,"column":59}},"80":{"start":{"line":141,"column":4},"end":{"line":151,"column":6}},"81":{"start":{"line":142,"column":6},"end":{"line":142,"column":58}},"82":{"start":{"line":142,"column":16},"end":{"line":142,"column":58}},"83":{"start":{"line":145,"column":6},"end":{"line":146,"column":103}},"84":{"start":{"line":146,"column":8},"end":{"line":146,"column":103}},"85":{"start":{"line":149,"column":6},"end":{"line":149,"column":57}},"86":{"start":{"line":150,"column":6},"end":{"line":150,"column":53}},"87":{"start":{"line":155,"column":0},"end":{"line":169,"column":1}},"88":{"start":{"line":156,"column":2},"end":{"line":168,"column":3}},"89":{"start":{"line":157,"column":4},"end":{"line":157,"column":41}},"90":{"start":{"line":158,"column":4},"end":{"line":167,"column":6}},"91":{"start":{"line":159,"column":6},"end":{"line":159,"column":56}},"92":{"start":{"line":159,"column":14},"end":{"line":159,"column":56}},"93":{"start":{"line":160,"column":6},"end":{"line":160,"column":72}},"94":{"start":{"line":160,"column":25},"end":{"line":160,"column":72}},"95":{"start":{"line":161,"column":6},"end":{"line":161,"column":57}},"96":{"start":{"line":162,"column":6},"end":{"line":166,"column":7}},"97":{"start":{"line":171,"column":0},"end":{"line":177,"column":1}},"98":{"start":{"line":172,"column":2},"end":{"line":176,"column":3}},"99":{"start":{"line":179,"column":0},"end":{"line":185,"column":1}},"100":{"start":{"line":180,"column":2},"end":{"line":184,"column":3}},"101":{"start":{"line":187,"column":0},"end":{"line":195,"column":1}},"102":{"start":{"line":188,"column":2},"end":{"line":194,"column":3}}},"branchMap":{"1":{"line":18,"type":"if","locations":[{"start":{"line":18,"column":2},"end":{"line":18,"column":2}},{"start":{"line":18,"column":2},"end":{"line":18,"column":2}}]},"2":{"line":22,"type":"cond-expr","locations":[{"start":{"line":23,"column":8},"end":{"line":23,"column":23}},{"start":{"line":24,"column":9},"end":{"line":24,"column":44}}]},"3":{"line":22,"type":"binary-expr","locations":[{"start":{"line":22,"column":12},"end":{"line":22,"column":42}},{"start":{"line":22,"column":46},"end":{"line":22,"column":85}}]},"4":{"line":24,"type":"binary-expr","locations":[{"start":{"line":24,"column":9},"end":{"line":24,"column":29}},{"start":{"line":24,"column":33},"end":{"line":24,"column":44}}]},"5":{"line":27,"type":"if","locations":[{"start":{"line":27,"column":4},"end":{"line":27,"column":4}},{"start":{"line":27,"column":4},"end":{"line":27,"column":4}}]},"6":{"line":27,"type":"binary-expr","locations":[{"start":{"line":27,"column":8},"end":{"line":27,"column":38}},{"start":{"line":27,"column":42},"end":{"line":27,"column":61}}]},"7":{"line":47,"type":"if","locations":[{"start":{"line":47,"column":2},"end":{"line":47,"column":2}},{"start":{"line":47,"column":2},"end":{"line":47,"column":2}}]},"8":{"line":62,"type":"if","locations":[{"start":{"line":62,"column":8},"end":{"line":62,"column":8}},{"start":{"line":62,"column":8},"end":{"line":62,"column":8}}]},"9":{"line":78,"type":"if","locations":[{"start":{"line":78,"column":4},"end":{"line":78,"column":4}},{"start":{"line":78,"column":4},"end":{"line":78,"column":4}}]},"10":{"line":80,"type":"if","locations":[{"start":{"line":80,"column":4},"end":{"line":80,"column":4}},{"start":{"line":80,"column":4},"end":{"line":80,"column":4}}]},"11":{"line":88,"type":"if","locations":[{"start":{"line":88,"column":4},"end":{"line":88,"column":4}},{"start":{"line":88,"column":4},"end":{"line":88,"column":4}}]},"12":{"line":93,"type":"if","locations":[{"start":{"line":93,"column":4},"end":{"line":93,"column":4}},{"start":{"line":93,"column":4},"end":{"line":93,"column":4}}]},"13":{"line":95,"type":"if","locations":[{"start":{"line":95,"column":6},"end":{"line":95,"column":6}},{"start":{"line":95,"column":6},"end":{"line":95,"column":6}}]},"14":{"line":95,"type":"binary-expr","locations":[{"start":{"line":95,"column":10},"end":{"line":95,"column":18}},{"start":{"line":95,"column":22},"end":{"line":95,"column":52}}]},"15":{"line":106,"type":"if","locations":[{"start":{"line":106,"column":2},"end":{"line":106,"column":2}},{"start":{"line":106,"column":2},"end":{"line":106,"column":2}}]},"16":{"line":106,"type":"binary-expr","locations":[{"start":{"line":106,"column":6},"end":{"line":106,"column":11}},{"start":{"line":106,"column":15},"end":{"line":106,"column":27}}]},"17":{"line":111,"type":"if","locations":[{"start":{"line":111,"column":4},"end":{"line":111,"column":4}},{"start":{"line":111,"column":4},"end":{"line":111,"column":4}}]},"18":{"line":115,"type":"if","locations":[{"start":{"line":115,"column":4},"end":{"line":115,"column":4}},{"start":{"line":115,"column":4},"end":{"line":115,"column":4}}]},"19":{"line":123,"type":"if","locations":[{"start":{"line":123,"column":6},"end":{"line":123,"column":6}},{"start":{"line":123,"column":6},"end":{"line":123,"column":6}}]},"20":{"line":124,"type":"if","locations":[{"start":{"line":124,"column":6},"end":{"line":124,"column":6}},{"start":{"line":124,"column":6},"end":{"line":124,"column":6}}]},"21":{"line":127,"type":"if","locations":[{"start":{"line":127,"column":6},"end":{"line":127,"column":6}},{"start":{"line":127,"column":6},"end":{"line":127,"column":6}}]},"22":{"line":142,"type":"if","locations":[{"start":{"line":142,"column":6},"end":{"line":142,"column":6}},{"start":{"line":142,"column":6},"end":{"line":142,"column":6}}]},"23":{"line":145,"type":"if","locations":[{"start":{"li
[...]
{","  // sbot rpc connection","  ssb: SSBClient(),","","  // pull state from sbot, called on every view change","  fetchLatestState: fetchLatestState,","","  // ui data","  history: createHashHistory({ queryKey: false }),","  isComposerOpen: false,","  suggestOptions: { ","    ':': Object.keys(emojis).map(function (emoji) {","      return {","        image: './img/emoji/' + emoji + '.png',","        title: emoji,","        subtitle: emoji,","        value: ':' + emoji + ':'","      }","    }),","    '@': []","  },","  issues: [],","  issue: addIssue.bind(null, true), // helper to add an issue","  minorIssue: addIssue.bind(null, false), // helper to add an issue that shouldnt trigger a modal","  notifications: [],","  notice: addNotification,","  dismissNotice: removeNotification,","","  // application state, fetched every refresh","  actionItems: {},","  indexCounts: {},","  channels: [], // array of { name: str, pinned: bool, lastUpdated: ts, hasNew: bool }","  user: {","    id: null,","    profile: {},","    needsSetup: false, // does the setup flow need to occur?","    followeds: [], // people the user follows","    friends: [], // people the user follows, who follow the user back","    nonfriendFolloweds: [], // people the user follows, who dont follow the user back","    nonfriendFollowers: [] // people the user doesnt follow, who follows the user","  },","  users: {","    names: {},","    profiles: {}","  },","  peers: [],","  isWifiMode: false","})","app.on('notice', app.notice)","","function addIssue (isUrgent, title, err, extraIssueInfo) {","  console.error(title, err, extraIssueInfo)","  var message = err.message || err.toString()","  var stack   = err.stack || ''","  var issueDesc = message + '\\n\\n' + stack + '\\n\\n' + (extraIssueInfo||'')","","  app.issues.unshift({","    isRead: false,","    isUrgent: isUrgent,","    title: title,","    message: message,","    stack: stack,","    issueUrl: 'https://github.com/ssbc/patchwork/issues/new?body='+encodeURIComponent(issueDesc)","  })","  app.emit('update:issues')","}","","var notificationUuidCounter = 0","function addNotification (message) {","  app.notifications.push({ key: ++notificationUuidCounter, message: message, dismissAfter: 5e3 })","  app.emit('update:notifications')","}","function removeNotification (notification) {","  app.notifications = app.notifications.filter(n => n !== notification)","  app.emit('update:notifications')","}","","function updateChannels (name, values) {","  // upsert","  var i","  for (i = 0; i < app.channels.length; i++) {","    if (app.channels[i].name === name) {","      // immutable update - create a new object, so shouldUpdate works nicely in the channels list com","      app.channels[i] = Object.assign({}, app.channels[i], values)","      break","    }","  }","  if (i === app.channels.length)","    app.channels.push(Object.assign({ name: name }, values))","","  // sort","  sortChannels()","}","","function sortChannels () {","  app.channels.sort(function (a, b) {","    // go by last updated","    return b.lastUpdated - a.lastUpdated","  })","}","","function onPatchworkEvent (e) {","  if (e.type == 'index-change') {","    for (var k in e.counts)","      app.indexCounts[k] = e.counts[k]","    app.emit('update:indexCounts')","    updateTitle()","    if (e.index.indexOf('channel-') === 0) {","      updateChannels(e.index.slice('channel-'.length), { lastUpdated: Date.now() })","      app.emit('update:channels')      ","    }","  }","  else if (e.type == 'isread') {","    app.emit('update:isread', { key: e.key, value: e.value })","  }","  else if (e.type == 'channelpinned') {","    updateChannels(e.channel, { pinned: e.value })","    app.emit('update:channels')","  }","  else if (e.type == 'channelwatched') {","    updateChannels(e.channel, { watched: e.value })","    app.emit('update:channels')","  }","}","","function pollPeers () {","  app.ssb.gossip.peers(function (err, peers) {","    var isWifiMode = require('./util').getPubStats(peers).hasSyncIssue","    app.peers = peers","    app.emit('update:peers')","    if (isWifiMode !== app.isWifiMode) {","      app.isWifiMode = isWifiMode","      app.emit('update:isWifiMode')","    }","  })","}","","function updateTitle () {","  document.title = t('Patchwork')","  favicon.update({ label: app.indexCounts.inboxUnread })","}","window.favicon = favicon","","function fetchLatestState (cb) {","  if (!patchworkEventStream)","    pull((patchworkEventStream = app.ssb.patchwork.createEventStream()), pull.drain(onPatchworkEvent.bind(this)))","  if (!isWatchingNetwork) {","    setInterval(pollPeers, POLL_PEER_INTERVAL)","    isWatchingNetwork = true","  }","","  var done = multicb({ pluck: 1 })","  app.ssb.whoami(done())","  app.ssb.patchwork.getNamesById(done())","  app.ssb.patchwork.getAllProfiles(done())","  app.ssb.patchwork.getActionItems(done())","  app.ssb.patchwork.getIndexCounts(done())","  app.ssb.gossip.peers(done())","  if (!app.channels.length)","    app.ssb.patchwork.getChannels(done())","  done(function (err, data) {","    if (err) throw err.message","    app.user.id         = data[0].id","    app.users.names     = data[1]","    app.users.profiles  = data[2]","    app.actionItems     = data[3]","    app.indexCounts     = data[4]","    app.peers           = data[5]","    if (data[6]) {","      app.channels        = data[6]","      sortChannels()","    }","    app.isWifiMode      = require('./util').getPubStats(app.peers).hasSyncIssue","    app.user.profile    = app.users.profiles[app.user.id]","    app.user.needsSetup = !app.users.names[app.user.id]","    updateTitle()","","    // get friend list","    var social = require('patchkit-util/social')","    app.user.followeds = social.followeds(app.users, app.user.id)","    app.user.friends = app.user.followeds.filter(function (other) { return other !== app.user.id && social.follows(app.users, other, app.user.id) })","    app.user.nonfriendFolloweds = app.user.followeds.filter(function (other) { return other !== app.user.id && !social.follows(app.users, other, app.user.id) })","    app.user.nonfriendFollowers = social.unfollowedFollowers(app.users, app.user.id, app.user.id)","","    // refresh suggest options for usernames","    app.suggestOptions['@'] = []","    if (app.user.profile) {","      for (var id in app.users.profiles) {","        if (id == app.user.profile.id || social.follows(app.users, app.user.id, id)) {","          var name = app.users.names[id]","          app.suggestOptions['@'].push({","            id: id,","            cls: 'user',        ","            title: name || id,","            image: pu.getProfilePicUrl(app.users, id),","            subtitle: name || id,","            value: name ? ('@'+name) : id","          })","        }","      }","    }","","    app.emit('update:all')","    cb && cb()","  })","}"],"l":{"12":2,"14":2,"15":2,"16":2,"17":2,"18":2,"19":2,"20":2,"21":2,"22":0,"23":0,"26":0,"27":0,"30":0,"43":0,"79":0,"81":1,"82":0,"83":0,"84":0,"85":0,"87":0,"95":0,"98":0,"99":1,"100":0,"101":0,"103":1,"104":0,"105":0,"108":1,"110":0,"111":0,"112":0,"114":0,"115":0,"118":0,"119":0,"122":0,"125":1,"126":0,"128":0,"132":1,"133":0,"134":0,"135":0,"136":0,"137":0,"138":0,"139":0,"140":0,"143":0,"144":0,"146":0,"147":0,"148":0,"150":0,"151":0,"152":0,"156":1,"157":0,"158":0,"159":0,"160":0,"161":0,"162":0,"163":0,"168":1,"169":0,"170":0,"172":0,"174":1,"175":0,"176":0,"177":0,"178":0,"179":0,"182":0,"183":0,"184":0,"185":0,"186":0,"187":0,"188":0,"189":0,"190":0,"191":0,"192":0,"193":0,"194":0,"195":0,"196":0,"197":0,"198":0,"199":0,"200":0,"201":0,"203":0,"204":0,"205":0,"206":0,"209":0,"210":0,"211":0,"212":0,"213":0,"216":0,"217":0,"218":0,"219":0,"220":0,"221":0,"233":0,"234":0}},"/home/travis/build/npmtest/node-npmtest-ssb-patchwork/node_modules/ssb-patchwork/ui/lib/ws-client.js":{"path":"/home/travis/build/npmtest/node-npmtest-ssb-patchwork/node_modules/ssb-patchwork/ui/lib/ws-client.js","s":{"1":1,"2":1,"3":1,"4":1,"5":1,"6":1,"7":0,"8":0,"9":0,"10":0,"11":0,"12":1,"13":0,"14":1,"15":0,"16":0,"17":0,"18":0},"b":{"1":[0,0]},"f":{"1":0,"2":0,"3":0},"fnMap":{"1":{"name":"(anonymous_1)","line":7,"loc":{"start":{"line":7,"column":17},"end":{"line":7,"column":29}}},"2":{"name":"serialize","line":18,"loc":{"start":{"line":18,"column":0},"end":{"line":18,"column":28}}},"3":{"name":"onConnectionLost","line":22,"loc":{"start":{"line":22,"column":0},"end":{"line":22,"column":29}}}},"statementMap":{"1":{"start":{"line":1,"column":0},"end":{"line":1,"column":34}},"2":{"start":{"line":2,"column":0},"end":{"line":2,"column":39}},"3":{"start":{"line":3,"column":0},"end":{"line":3,"column":42}},"4":{"start":{"line":4,"column":0},"end":{"line":4,"column":43}},"5":{"start":{"line":5,"column":0},"end":{"line":5,"column":50}},"6":{"start":{"line":7,"column":0},"end":{"line":16,"column":1}},"7":{"start":{"line":9,"column":2},"end":{"line":9,"column":55}},"8":{"start":{"line":12,"column":2},"end":{"line":12,"column":72}},"9":{"start":{"line":13,"column":2},"end":{"line":13,"column":106}},"10":{"start":{"line":14,"column":2},"end":{"line":14,"column":42}},"11":{"start":{"line":15,"column":2},"end":{"line":15,"column":12}},"12":{"start":{"line":18,"column":0},"end":{"line":20,"column":1}},"13":{"start":{"line":19,"column":2},"end":{"line":19,"column":50}},"14":{"start":{"line":22,"column":0},"end":{"line":27,"column":1}},"15":{"start":{"line":23,"column":2},"end":{"line":23,"column":40}},"16":{"start":{"line":24,"column":2},"end":{"line":24,"column":34}},"17":{"start":{"line":25,"column":2},"end":{"line":25,"column":62}},"18":{"start":{"line":26,"column":2},"end":{"line":26,"column":58}}},"branchMap":{"1":{"line":12,"type":"cond-expr","locations":[{"start":{"line":12,"column":58},"end":{"line":12,"column":64}},{"start":{"line":12,"column":67},"end":{"line":12,"column":72}}]}},"code":["var muxrpc     = require('muxrpc')","var pull       = require('pull-stream')","var ws         = require('pull-ws-server')","var Serializer = require('pull-serializer')","var t          = require('patchwork-translations')","","module.exports = function () {","  // create rpc object","  var ssb = muxrpc(window.MANIFEST, false, serialize)()","","  // setup rpc stream over websockets","  var protocol = (window.location.protocol == 'https:') ? 'wss:' : 'ws:'","  var stream = ws.connect(protocol+'//'+(window.location.hostname)+':7777', { onClose: onConnectionLost })","  pull(stream, ssb.createStream(), stream)","  return ssb","}","","function serialize (stream) {","  return Serializer(stream, JSON, {split: '\\n\\n'})","}","","function onConnectionLost () {","  var el = document.createElement('div')","  el.className = 'connection-lost'","  el.appendChild(document.createTextNode(t('connectionLost')))","  document.body.insertBefore(el, document.body.firstChild)","}"],"l":{"1":1,"2":1,"3":1,"4":1,"5":1,"7":1,"9":0,"12":0,"13":0,"14":0,"15":0,"18":1,"19":0,"22":1,"23":0,"24":0,"25":0,"26":0}},"/home/travis/build/npmtest/node-npmtest-ssb-patchwork/node_modules/ssb-patchwork/ui/lib/favicon.js":{"path":"/home/travis/build/npmtest/node-npmtest-ssb-patchwork/node_modules/ssb-patchwork/ui/lib/favicon.js","s":{"1":4,"2":4,"3":4,"4":0,"5":0,"6":0,"7":0,"8":0,"9":0,"10":0,"11":0,"12":1,"13":0,"14":0,"15":0,"16":0,"17":0,"18":0,"19":0,"20":0,"21":0,"22":0,"23":0,"24":0,"25":0,"26":0,"27":0,"28":0,"29":0,"30":0,"31":0,"32":0,"33":0,"34":0,"35":0,"36":0,"37":0,"38":0,"39":0,"40":0,"41":0,"42":0,"43":1,"44":0,"45":0,"46":0,"47":0,"48":0,"49":0,"50":0,"51":0,"52":0,"53":0,"54":0,"55":0},"b":{"1":[0,0],"2":[0,0],"3":[0,0,0],"4":[0,0],"5":[0,0],"6":[0,0],"7":[0,0],"8":[0,0]},"f":{"1":0,"2":0,"3":0},"fnMap":{"1":{"name":"(anonymous_1)","line":7,"loc":{"start":{"line":7,"column":24},"end":{"line":7,"column":40}}},"2":{"name":"draw","line":17,"loc":{"start":{"line":17,"column":0},"end":{"line":17,"column":17}}},"3":{"name":"loadImg","line":70,"loc":{"start":{"line":70,"column":0},"end":{"line":70,"column":22}}}},"statementMap":{"1":{"start":{"line":1,"column":0},"end":{"line":1,"column":33}},"2":{"start":{"line":2,"column":0},"end":{"line":2,"column":43}},"3":{"start":{"line":3,"column":0},"end":{"line":3,"column":45}},"4":{"start":{"line":4,"column":0},"end":{"line":4,"column":14}},"5":{"start":{"line":5,"column":0},"end":{"line":5,"column":17}},"6":{"start":{"line":7,"column":0},"end":{"line":15,"column":1}},"7":{"start":{"line":8,"column":2},"end":{"line":13,"column":3}},"8":{"start":{"line":9,"column":4},"end":{"line":12,"column":24}},"9":{"start":{"line":10,"column":6},"end":{"line":10,"column":28}},"10":{"start":{"line":12,"column":6},"end":{"line":12,"column":24}},"11":{"start":{"line":14,"column":2},"end":{"line":14,"column":15}},"12":{"start":{"line":17,"column":0},"end":{"line":67,"column":1}},"13":{"start":{"line":18,"column":2},"end":{"line":18,"column":53}},"14":{"start":{"line":19,"column":2},"end":{"line":19,"column":56}},"15":{"start":{"line":20,"column":2},"end":{"line":20,"column":49}},"16":{"start":{"line":21,"column":2},"end":{"line":21,"column":69}},"17":{"start":{"line":24,"column":2},"end":{"line":24,"column":29}},"18":{"start":{"line":25,"column":2},"end":{"line":25,"column":30}},"19":{"start":{"line":26,"column":2},"end":{"line":26,"column":25}},"20":{"start":{"line":27,"column":2},"end":{"line":27,"column":30}},"21":{"start":{"line":28,"column":2},"end":{"line":28,"column":25}},"22":{"start":{"line":29,"column":2},"end":{"line":29,"column":29}},"23":{"start":{"line":31,"column":2},"end":{"line":31,"column":42}},"24":{"start":{"line":32,"column":2},"end":{"line":32,"column":35}},"25":{"start":{"line":33,"column":2},"end":{"line":33,"column":50}},"26":{"start":{"line":36,"column":2},"end":{"line":36,"column":42}},"27":{"start":{"line":36,"column":15},"end":{"line":36,"column":41}},"28":{"start":{"line":37,"column":2},"end":{"line":37,"column":30}},"29":{"start":{"line":38,"column":2},"end":{"line":38,"column":27}},"30":{"start":{"line":40,"column":2},"end":{"line":60,"column":3}},"31":{"start":{"line":42,"column":4},"end":{"line":42,"column":32}},"32":{"start":{"line":43,"column":4},"end":{"line":43,"column":31}},"33":{"start":{"line":44,"column":4},"end":{"line":44,"column":29}},"34":{"start":{"line":45,"column":4},"end":{"line":45,"column":29}},"35":{"start":{"line":55,"column":4},"end":{"line":55,"column":30}},"36":{"start":{"line":56,"column":4},"end":{"line":59,"column":5}},"37":{"start":{"line":63,"column":2},"end":{"line":63,"column":25}},"38":{"start":{"line":64,"column":2},"end":{"line":64,"column":49}},"39":{"start":{"line":65,"column":2},"end":{"line":65,"column":44}},"40":{"start":{"line":65,"column":17},"end":{"line":65,"column":43}},"41":{"start":{"line":66,"column":2},"end":{"line":66,"column":30}},"42":{"start":{"line":69,"column":0},"end":{"line":69,"column":14}},"43":{"start":{"line":70,"column":0},"end":{"line":90,"column":1}},"44":{"start":{"line":72,"column":2},"end":{"line":73,"column":15}},"45":{"start":{"line":73,"column":4},"end":{"line":73,"column":15}},"46":{"start":{"line":76,"column":2},"end":{"line":77,"column":30}},"47":{"start":{"line":77,"column":4},"end":{"line":77,"column":30}},"48":{"start":{"line":80,"column":2},"end":{"line":80,"column":19}},"49":{"start":{"line":83,"column":2},"end":{"line":83,"column":37}},"50":{"start":{"line":84,"column":2},"end":{"line":84,"column":31}},"51":{"start":{"line":85,"column":2},"end":{"line":88,"column":3}},"52":{"start":{"line":86,"column":4},"end":{"line":86,"column":34}},"53":{"start":{"line":86,"column":29},"end":{"line":86,"column":33}},"54":{"start":{"line":87,"column":4},"end":{"line":87,"column":21}},"55":{"start":{"line":89,"column":2},"end":{"line":89,"column":21}}},"branchMap":{"1":{"line":8,"type":"if","locations":[{"start":{"line":8,"column":2},"end":{"line":8,"column":2}},{"start":{"line":8,"column":2},"end":{"line":8,"column":2}}]},"2":{"line":9,"type":"if","locations":[{"start":{"line":9,"column":4},"end":{"line":9,"column":4}},{"start":{"line":9,"column":4},"end":{"line":9,"column":4}}]},"3":{"line":9,"type":"binary-expr","locations":[{"start":{"line":9,"column":8},"end":{"line":9,"column":37}},{"start":{"line":9,"column":41},"end":{"line":9,"column":55}},{"start":{"line":9,"column":59},"end":{"line":9,"column":74}}]},"4":{"line":36,"type":"if","locations":[{"start":{"line":36,"column":2},"end":{"line":36,"column":2}},{"start":{"line":36,"column":2},"end":{"line":36,"column":2}}]},"5":{"line":40,"type":"if","locations":[{"start":{"line":40,"column":2},"end":{"line":40,"column":2}},{"start":{"line":40,"column":2},"end":{"line":40,"column":2}}]},"6":{"line":65,"type":"if","locations":[{"start":{"line":65,"column":2},"end":{"line":65,"column":2}},{"start":{"line":65,"column":2},"end":{"line":65,"column":2}}]},"7":{"line":72,"type":"if","locations":[{"start":{"line":72,"column":2},"end":{"line":72,"column":2}},{"start":{"line":72,"column":2},"end":{"line":72,"column":2}}]},"8":{"line":76,"type":"if","locations":[{"start":{"line":76,"column":2},"end":{"line":76,"column":2}},{"start":{"line":76,"column":2},"end":{"line":76,"column":2}}]}},"code":["const ICON_PATH = '/img/icon.png'","const FONT = 'Helvetica, Arial, sans-serif'","var canvas = document.createElement('canvas')","var img = null","var label = false","","module.exports.update = function (opts) {","  if ('label' in opts) {","    if (typeof opts.label == 'number' && opts.label > 0 && opts.label < 10)","      label = ' '+opts.label","    else","      label = opts.label","  }","  loadImg(draw)","}","","function draw () {","  var head = document.getElementsByTagName('head')[0]","  var favicon = document.querySelector('link[rel=icon]')","  var newFavicon = document.createElement('link')","  var multiplier, fontSize, context, xOffset, yOffset, border, shadow","","  // scale canvas elements based on favicon size","  multiplier = img.width / 16","  fontSize   = multiplier * 11","  xOffset    = multiplier","  yOffset    = multiplier * 11","  border     = multiplier","  shadow     = multiplier * 4","","  canvas.height = canvas.width = img.width","  context = canvas.getContext('2d')","  context.font = 'bold ' + fontSize + 'px ' + FONT","","  // draw favicon background","  if (label) { context.globalAlpha = 0.8 }","  context.drawImage(img, 0, 0)","  context.globalAlpha = 1.0","","  if (label) {","    // draw drop shadow","    context.shadowColor = '#000'","    context.shadowBlur = shadow","    context.shadowOffsetX = 0","    context.shadowOffsetY = 0","","    // draw border","    // context.fillStyle = '#000'","    // context.fillText(label, xOffset, yOffset)","    // context.fillText(label, xOffset + border, yOffset)","    // context.fillText(label, xOffset, yOffset + border)","    // context.fillText(label, xOffset + border, yOffset + border)","","    // draw label","    context.fillStyle = '#FFF'","    context.fillText(label,","      xOffset + (border / 2.0),","      yOffset + (border / 2.0)","    )","  }","","  // replace favicon with new favicon","  newFavicon.rel = 'icon'","  newFavicon.href = canvas.toDataURL('image/png')","  if (favicon) { head.removeChild(favicon) }","  head.appendChild(newFavicon)","}","","var loadImgCbs","function loadImg (cb) {","  // already loaded?","  if (img)","    return cb() // go","","  // queue active?","  if (loadImgCbs)","    return loadImgCbs.push(cb) // add to queue","","  // start the queue","  loadImgCbs = [cb]","","  // load image","  img = document.createElement('img')","  img.crossOrigin = 'anonymous'","  img.onload = () => {","    loadImgCbs.forEach(cb => cb())","    loadImgCbs = null","  }","  img.src = ICON_PATH","}"],"l":{"1":4,"2":4,"3":4,"4":0,"5":0,"7":0,"8":0,"9":0,"10":0,"12":0,"14":0,"17":1,"18":0,"19":0,"20":0,"21":0,"24":0,"25":0,"26":0,"27":0,"28":0,"29":0,"31":0,"32":0,"33":0,"36":0,"37":0,"38":0,"40":0,"42":0,"43":0,"44":0,"45":0,"55":0,"56":0,"63":0,"64":0,"65":0,"66":0,"69":0,"70":1,"72":0,"73":0,"76":0,"77":0,"80":0,"83":0,"84":0,"85":0,"86":0,"87":0,"89":0}}}